2026-01-06 07:11:03 [[32minfo[39m]: POST /api/v1/auth/register {
  "body": {
    "name": "Rmah Viu",
    "email": "viu106018@donga.edu.vn",
    "password": "123456"
  },
  "query": {},
  "params": {},
  "headers": {
    "content-type": "application/json",
    "user-agent": "PostmanRuntime/7.51.0",
    "accept": "*/*",
    "cache-control": "no-cache",
    "postman-token": "10e4d5b9-b7bc-4d9e-872d-1f399ed7675b",
    "host": "localhost:5000",
    "accept-encoding": "gzip, deflate, br",
    "connection": "keep-alive",
    "content-length": "89"
  }
}
2026-01-06 07:11:03 [[32minfo[39m]: Register request received {
  "body": {
    "name": "Rmah Viu",
    "email": "viu106018@donga.edu.vn",
    "password": "123456"
  }
}
2026-01-06 07:11:04 [[32minfo[39m]: User registered successfully {
  "userId": "695c5317cefe2672581126f6"
}
2026-01-06 07:11:52 [[32minfo[39m]: POST /api/v1/auth/login {
  "body": {
    "email": "viu106018@donga.edu.vn",
    "password": "123456"
  },
  "query": {},
  "params": {},
  "headers": {
    "content-type": "application/json",
    "user-agent": "PostmanRuntime/7.51.0",
    "accept": "*/*",
    "cache-control": "no-cache",
    "postman-token": "c3a2d712-6de3-42df-a2cc-add123dbe5a2",
    "host": "localhost:5000",
    "accept-encoding": "gzip, deflate, br",
    "connection": "keep-alive",
    "content-length": "71",
    "cookie": "token=eyJhbGciOiJIUzI1NiIsInR5cCI6IkpXVCJ9.eyJpZCI6IjY5NWM1MzE3Y2VmZTI2NzI1ODExMjZmNiIsImlhdCI6MTc2NzY1ODI2NCwiZXhwIjoxNzcwMjUwMjY0fQ.UeDFeZL0KXhrbJVp669bGO-rIzh_-n3w1GDuwoO4gW0"
  }
}
2026-01-06 07:11:53 [[32minfo[39m]: Login attempt {
  "email": "viu106018@donga.edu.vn"
}
2026-01-06 07:11:53 [[31merror[39m]: Error: Không có quyền truy cập
    at D:\LEARN_FLUTTER\backend_api\src\controllers\auth.controller.js:99:17 {
  "url": "/api/v1/auth/login",
  "method": "POST",
  "ip": "::1"
}
2026-01-06 07:13:34 [[32minfo[39m]: POST /api/v1/auth/login {
  "body": {
    "email": "viu106018@donga.edu.vn",
    "password": "123456"
  },
  "query": {},
  "params": {},
  "headers": {
    "content-type": "application/json",
    "user-agent": "PostmanRuntime/7.51.0",
    "accept": "*/*",
    "cache-control": "no-cache",
    "postman-token": "3a9010bd-62d4-4ec1-bbf8-4a9465f726a8",
    "host": "localhost:5000",
    "accept-encoding": "gzip, deflate, br",
    "connection": "keep-alive",
    "content-length": "71",
    "cookie": "token=eyJhbGciOiJIUzI1NiIsInR5cCI6IkpXVCJ9.eyJpZCI6IjY5NWM1MzE3Y2VmZTI2NzI1ODExMjZmNiIsImlhdCI6MTc2NzY1ODI2NCwiZXhwIjoxNzcwMjUwMjY0fQ.UeDFeZL0KXhrbJVp669bGO-rIzh_-n3w1GDuwoO4gW0"
  }
}
2026-01-06 07:13:34 [[32minfo[39m]: Login attempt {
  "email": "viu106018@donga.edu.vn"
}
2026-01-06 07:13:34 [[31merror[39m]: Error: Không có quyền truy cập
    at D:\LEARN_FLUTTER\backend_api\src\controllers\auth.controller.js:99:17 {
  "url": "/api/v1/auth/login",
  "method": "POST",
  "ip": "::1"
}
2026-01-06 07:14:03 [[32minfo[39m]: POST /api/v1/auth/login {
  "body": {
    "email": "viu106018@donga.edu.vn",
    "password": "123456"
  },
  "query": {},
  "params": {},
  "headers": {
    "content-type": "application/json",
    "user-agent": "PostmanRuntime/7.51.0",
    "accept": "*/*",
    "cache-control": "no-cache",
    "postman-token": "6c3c78a8-3bbd-4606-9992-8abceb4b1451",
    "host": "localhost:5000",
    "accept-encoding": "gzip, deflate, br",
    "connection": "keep-alive",
    "content-length": "71",
    "cookie": "token=eyJhbGciOiJIUzI1NiIsInR5cCI6IkpXVCJ9.eyJpZCI6IjY5NWM1MzE3Y2VmZTI2NzI1ODExMjZmNiIsImlhdCI6MTc2NzY1ODI2NCwiZXhwIjoxNzcwMjUwMjY0fQ.UeDFeZL0KXhrbJVp669bGO-rIzh_-n3w1GDuwoO4gW0"
  }
}
2026-01-06 07:14:03 [[32minfo[39m]: Login attempt {
  "email": "viu106018@donga.edu.vn"
}
2026-01-06 07:14:04 [[31merror[39m]: Error: Không có quyền truy cập
    at D:\LEARN_FLUTTER\backend_api\src\controllers\auth.controller.js:99:17 {
  "url": "/api/v1/auth/login",
  "method": "POST",
  "ip": "::1"
}
2026-01-06 07:14:18 [[32minfo[39m]: POST /api/v1/auth/login {
  "body": {
    "email": "viu106018@donga.edu.vn",
    "password": "123456"
  },
  "query": {},
  "params": {},
  "headers": {
    "content-type": "application/json",
    "user-agent": "PostmanRuntime/7.51.0",
    "accept": "*/*",
    "cache-control": "no-cache",
    "postman-token": "13e1aba7-8a85-464d-9c2a-a5a7d7ae73ff",
    "host": "localhost:5000",
    "accept-encoding": "gzip, deflate, br",
    "connection": "keep-alive",
    "content-length": "71",
    "cookie": "token=eyJhbGciOiJIUzI1NiIsInR5cCI6IkpXVCJ9.eyJpZCI6IjY5NWM1MzE3Y2VmZTI2NzI1ODExMjZmNiIsImlhdCI6MTc2NzY1ODI2NCwiZXhwIjoxNzcwMjUwMjY0fQ.UeDFeZL0KXhrbJVp669bGO-rIzh_-n3w1GDuwoO4gW0"
  }
}
2026-01-06 07:14:18 [[32minfo[39m]: Login attempt {
  "email": "viu106018@donga.edu.vn"
}
2026-01-06 07:14:18 [[31merror[39m]: Error: Không có quyền truy cập
    at D:\LEARN_FLUTTER\backend_api\src\controllers\auth.controller.js:99:17 {
  "url": "/api/v1/auth/login",
  "method": "POST",
  "ip": "::1"
}
2026-01-06 07:15:12 [[32minfo[39m]: POST /api/v1/auth/login {
  "body": {
    "email": "viu106018@donga.edu.vn",
    "password": "123456"
  },
  "query": {},
  "params": {},
  "headers": {
    "content-type": "application/json",
    "user-agent": "PostmanRuntime/7.51.0",
    "accept": "*/*",
    "cache-control": "no-cache",
    "postman-token": "8457ecf8-6b4a-4563-b040-f7cad965a44d",
    "host": "localhost:5000",
    "accept-encoding": "gzip, deflate, br",
    "connection": "keep-alive",
    "content-length": "71",
    "cookie": "token=eyJhbGciOiJIUzI1NiIsInR5cCI6IkpXVCJ9.eyJpZCI6IjY5NWM1MzE3Y2VmZTI2NzI1ODExMjZmNiIsImlhdCI6MTc2NzY1ODI2NCwiZXhwIjoxNzcwMjUwMjY0fQ.UeDFeZL0KXhrbJVp669bGO-rIzh_-n3w1GDuwoO4gW0"
  }
}
2026-01-06 07:15:12 [[32minfo[39m]: Login attempt {
  "email": "viu106018@donga.edu.vn"
}
2026-01-06 07:15:12 [[33mwarn[39m]: Login failed - User not active {
  "email": "viu106018@donga.edu.vn"
}
2026-01-06 07:15:12 [[31merror[39m]: Error: Tài khoản của bạn đã bị khóa
    at D:\LEARN_FLUTTER\backend_api\src\controllers\auth.controller.js:103:19 {
  "url": "/api/v1/auth/login",
  "method": "POST",
  "ip": "::1"
}
2026-01-06 07:16:08 [[32minfo[39m]: POST /api/v1/auth/login {
  "body": {
    "email": "viu106018@donga.edu.vn",
    "password": "123456"
  },
  "query": {},
  "params": {},
  "headers": {
    "content-type": "application/json",
    "user-agent": "PostmanRuntime/7.51.0",
    "accept": "*/*",
    "cache-control": "no-cache",
    "postman-token": "d15e196c-2a27-477a-a947-bf03a1f8243a",
    "host": "localhost:5000",
    "accept-encoding": "gzip, deflate, br",
    "connection": "keep-alive",
    "content-length": "71",
    "cookie": "token=eyJhbGciOiJIUzI1NiIsInR5cCI6IkpXVCJ9.eyJpZCI6IjY5NWM1MzE3Y2VmZTI2NzI1ODExMjZmNiIsImlhdCI6MTc2NzY1ODI2NCwiZXhwIjoxNzcwMjUwMjY0fQ.UeDFeZL0KXhrbJVp669bGO-rIzh_-n3w1GDuwoO4gW0"
  }
}
2026-01-06 07:16:08 [[32minfo[39m]: Login attempt {
  "email": "viu106018@donga.edu.vn"
}
2026-01-06 07:16:08 [[33mwarn[39m]: Login failed - User not active {
  "email": "viu106018@donga.edu.vn"
}
2026-01-06 07:16:08 [[31merror[39m]: Error: Tài khoản của bạn đã bị khóa
    at D:\LEARN_FLUTTER\backend_api\src\controllers\auth.controller.js:103:19 {
  "url": "/api/v1/auth/login",
  "method": "POST",
  "ip": "::1"
}
2026-01-06 07:16:20 [[32minfo[39m]: POST /api/v1/auth/register {
  "body": {
    "name": "Rmah Viu",
    "email": "viu106018@donga.edu.vn",
    "password": "123456"
  },
  "query": {},
  "params": {},
  "headers": {
    "content-type": "application/json",
    "user-agent": "PostmanRuntime/7.51.0",
    "accept": "*/*",
    "cache-control": "no-cache",
    "postman-token": "405bbfc4-e505-43f9-be38-2d5a79007dbd",
    "host": "localhost:5000",
    "accept-encoding": "gzip, deflate, br",
    "connection": "keep-alive",
    "content-length": "94",
    "cookie": "token=eyJhbGciOiJIUzI1NiIsInR5cCI6IkpXVCJ9.eyJpZCI6IjY5NWM1MzE3Y2VmZTI2NzI1ODExMjZmNiIsImlhdCI6MTc2NzY1ODI2NCwiZXhwIjoxNzcwMjUwMjY0fQ.UeDFeZL0KXhrbJVp669bGO-rIzh_-n3w1GDuwoO4gW0"
  }
}
2026-01-06 07:16:20 [[32minfo[39m]: Register request received {
  "body": {
    "name": "Rmah Viu",
    "email": "viu106018@donga.edu.vn",
    "password": "123456"
  }
}
2026-01-06 07:16:21 [[33mwarn[39m]: Registration failed - User already exists {
  "email": "viu106018@donga.edu.vn"
}
2026-01-06 07:16:21 [[31merror[39m]: Error: Email đã được sử dụng
    at D:\LEARN_FLUTTER\backend_api\src\controllers\auth.controller.js:50:19
    at process.processTicksAndRejections (node:internal/process/task_queues:105:5) {
  "url": "/api/v1/auth/register",
  "method": "POST",
  "ip": "::1"
}
2026-01-06 07:16:37 [[32minfo[39m]: POST /api/v1/auth/login {
  "body": {
    "email": "viu106018@donga.edu.vn",
    "password": "123456"
  },
  "query": {},
  "params": {},
  "headers": {
    "content-type": "application/json",
    "user-agent": "PostmanRuntime/7.51.0",
    "accept": "*/*",
    "cache-control": "no-cache",
    "postman-token": "3ba1d534-1888-42f4-9fbb-17defa72f4aa",
    "host": "localhost:5000",
    "accept-encoding": "gzip, deflate, br",
    "connection": "keep-alive",
    "content-length": "71",
    "cookie": "token=eyJhbGciOiJIUzI1NiIsInR5cCI6IkpXVCJ9.eyJpZCI6IjY5NWM1MzE3Y2VmZTI2NzI1ODExMjZmNiIsImlhdCI6MTc2NzY1ODI2NCwiZXhwIjoxNzcwMjUwMjY0fQ.UeDFeZL0KXhrbJVp669bGO-rIzh_-n3w1GDuwoO4gW0"
  }
}
2026-01-06 07:16:37 [[32minfo[39m]: Login attempt {
  "email": "viu106018@donga.edu.vn"
}
2026-01-06 07:16:37 [[33mwarn[39m]: Login failed - User not active {
  "email": "viu106018@donga.edu.vn"
}
2026-01-06 07:16:37 [[31merror[39m]: Error: Tài khoản của bạn đã bị khóa
    at D:\LEARN_FLUTTER\backend_api\src\controllers\auth.controller.js:103:19 {
  "url": "/api/v1/auth/login",
  "method": "POST",
  "ip": "::1"
}
2026-01-06 07:18:00 [[32minfo[39m]: POST /api/v1/auth/login {
  "body": {
    "email": "viu106018@donga.edu.vn",
    "password": "123456"
  },
  "query": {},
  "params": {},
  "headers": {
    "content-type": "application/json",
    "user-agent": "PostmanRuntime/7.51.0",
    "accept": "*/*",
    "cache-control": "no-cache",
    "postman-token": "3a3aa80b-db78-487e-8429-021825332a30",
    "host": "localhost:5000",
    "accept-encoding": "gzip, deflate, br",
    "connection": "keep-alive",
    "content-length": "71",
    "cookie": "token=eyJhbGciOiJIUzI1NiIsInR5cCI6IkpXVCJ9.eyJpZCI6IjY5NWM1MzE3Y2VmZTI2NzI1ODExMjZmNiIsImlhdCI6MTc2NzY1ODI2NCwiZXhwIjoxNzcwMjUwMjY0fQ.UeDFeZL0KXhrbJVp669bGO-rIzh_-n3w1GDuwoO4gW0"
  }
}
2026-01-06 07:18:22 [[32minfo[39m]: POST /api/v1/auth/login {
  "body": {
    "email": "viu106018@donga.edu.vn",
    "password": "123456"
  },
  "query": {},
  "params": {},
  "headers": {
    "content-type": "application/json",
    "user-agent": "PostmanRuntime/7.51.0",
    "accept": "*/*",
    "cache-control": "no-cache",
    "postman-token": "37606530-ab2d-4b45-a784-5d2eb530f238",
    "host": "localhost:5000",
    "accept-encoding": "gzip, deflate, br",
    "connection": "keep-alive",
    "content-length": "71",
    "cookie": "token=eyJhbGciOiJIUzI1NiIsInR5cCI6IkpXVCJ9.eyJpZCI6IjY5NWM1MzE3Y2VmZTI2NzI1ODExMjZmNiIsInJvbGUiOiJ1c2VyIiwiaXNBY3RpdmUiOnRydWUsImlhdCI6MTc2NzY1ODY4MSwiZXhwIjoxNzcwMjUwNjgxfQ.ITUmi1AmA6BRlzsxB12kenDIelKNuqqGzj-P9RAMCXY"
  }
}
2026-01-06 07:20:17 [[32minfo[39m]: POST /api/v1/auth/login {
  "body": {
    "email": "viu106018@donga.edu.vn",
    "password": "123456"
  },
  "query": {},
  "params": {},
  "headers": {
    "content-type": "application/json",
    "user-agent": "PostmanRuntime/7.51.0",
    "accept": "*/*",
    "cache-control": "no-cache",
    "postman-token": "60144222-8326-4e0d-bf7e-27b3b9032154",
    "host": "localhost:5000",
    "accept-encoding": "gzip, deflate, br",
    "connection": "keep-alive",
    "content-length": "71",
    "cookie": "token=eyJhbGciOiJIUzI1NiIsInR5cCI6IkpXVCJ9.eyJpZCI6IjY5NWM1MzE3Y2VmZTI2NzI1ODExMjZmNiIsInJvbGUiOiJ1c2VyIiwiaXNBY3RpdmUiOnRydWUsImlhdCI6MTc2NzY1ODcwMywiZXhwIjoxNzcwMjUwNzAzfQ.UvOfJI2Psftxl36ntpXfEYlq1yS6fQOa1exYV0jaOtk"
  }
}
2026-01-06 07:21:31 [[32minfo[39m]: POST /api/v1/auth/login {
  "body": {
    "email": "viu106018@donga.edu.vn",
    "password": "123456"
  },
  "query": {},
  "params": {},
  "headers": {
    "content-type": "application/json",
    "user-agent": "PostmanRuntime/7.51.0",
    "accept": "*/*",
    "cache-control": "no-cache",
    "postman-token": "bec1c246-925f-46e6-a00d-80b2976b4524",
    "host": "localhost:5000",
    "accept-encoding": "gzip, deflate, br",
    "connection": "keep-alive",
    "content-length": "71",
    "cookie": "token=eyJhbGciOiJIUzI1NiIsInR5cCI6IkpXVCJ9.eyJpZCI6IjY5NWM1MzE3Y2VmZTI2NzI1ODExMjZmNiIsInJvbGUiOiJ1c2VyIiwiaXNBY3RpdmUiOnRydWUsImlhdCI6MTc2NzY1ODgxNywiZXhwIjoxNzcwMjUwODE3fQ.x7Vx3YizQ9vyTSje3Hvx-500biEW1QsnomVZxr6LPjg"
  }
}
2026-01-06 07:21:32 [[31merror[39m]: Login error: {
  "error": "next is not a function"
}
2026-01-06 07:23:06 [[32minfo[39m]: POST /api/v1/auth/login {
  "body": {
    "email": "viu106018@donga.edu.vn",
    "password": "123456"
  },
  "query": {},
  "params": {},
  "headers": {
    "content-type": "application/json",
    "user-agent": "PostmanRuntime/7.51.0",
    "accept": "*/*",
    "cache-control": "no-cache",
    "postman-token": "661c6867-63d5-456a-abb2-6a6c59267690",
    "host": "localhost:5000",
    "accept-encoding": "gzip, deflate, br",
    "connection": "keep-alive",
    "content-length": "71",
    "cookie": "token=eyJhbGciOiJIUzI1NiIsInR5cCI6IkpXVCJ9.eyJpZCI6IjY5NWM1MzE3Y2VmZTI2NzI1ODExMjZmNiIsInJvbGUiOiJ1c2VyIiwiaXNBY3RpdmUiOnRydWUsImlhdCI6MTc2NzY1ODgxNywiZXhwIjoxNzcwMjUwODE3fQ.x7Vx3YizQ9vyTSje3Hvx-500biEW1QsnomVZxr6LPjg"
  }
}
2026-01-06 07:23:06 [[31merror[39m]: Login error: {
  "error": "next is not a function"
}
2026-01-06 07:23:09 [[32minfo[39m]: POST /api/v1/auth/login {
  "body": {
    "email": "viu106018@donga.edu.vn",
    "password": "123456"
  },
  "query": {},
  "params": {},
  "headers": {
    "content-type": "application/json",
    "user-agent": "PostmanRuntime/7.51.0",
    "accept": "*/*",
    "cache-control": "no-cache",
    "postman-token": "f45f23f6-9a84-401c-94f2-b918b7512817",
    "host": "localhost:5000",
    "accept-encoding": "gzip, deflate, br",
    "connection": "keep-alive",
    "content-length": "71",
    "cookie": "token=eyJhbGciOiJIUzI1NiIsInR5cCI6IkpXVCJ9.eyJpZCI6IjY5NWM1MzE3Y2VmZTI2NzI1ODExMjZmNiIsInJvbGUiOiJ1c2VyIiwiaXNBY3RpdmUiOnRydWUsImlhdCI6MTc2NzY1ODgxNywiZXhwIjoxNzcwMjUwODE3fQ.x7Vx3YizQ9vyTSje3Hvx-500biEW1QsnomVZxr6LPjg"
  }
}
2026-01-06 07:23:10 [[31merror[39m]: Login error: {
  "error": "next is not a function"
}
2026-01-06 07:23:55 [[32minfo[39m]: POST /api/v1/auth/login {
  "body": {
    "email": "viu106018@donga.edu.vn",
    "password": "123456"
  },
  "query": {},
  "params": {},
  "headers": {
    "content-type": "application/json",
    "user-agent": "PostmanRuntime/7.51.0",
    "accept": "*/*",
    "cache-control": "no-cache",
    "postman-token": "6babad2e-f1a4-4590-ad9b-3f78e3357798",
    "host": "localhost:5000",
    "accept-encoding": "gzip, deflate, br",
    "connection": "keep-alive",
    "content-length": "71",
    "cookie": "token=eyJhbGciOiJIUzI1NiIsInR5cCI6IkpXVCJ9.eyJpZCI6IjY5NWM1MzE3Y2VmZTI2NzI1ODExMjZmNiIsInJvbGUiOiJ1c2VyIiwiaXNBY3RpdmUiOnRydWUsImlhdCI6MTc2NzY1ODgxNywiZXhwIjoxNzcwMjUwODE3fQ.x7Vx3YizQ9vyTSje3Hvx-500biEW1QsnomVZxr6LPjg"
  }
}
2026-01-06 07:23:55 [[31merror[39m]: Login error: {
  "error": "next is not a function"
}
2026-01-06 07:24:54 [[32minfo[39m]: POST /api/v1/auth/login {
  "body": {
    "email": "viu106018@donga.edu.vn",
    "password": "123456"
  },
  "query": {},
  "params": {},
  "headers": {
    "content-type": "application/json",
    "user-agent": "PostmanRuntime/7.51.0",
    "accept": "*/*",
    "cache-control": "no-cache",
    "postman-token": "e943ab44-a775-4ae2-8280-f214f3213ce2",
    "host": "localhost:5000",
    "accept-encoding": "gzip, deflate, br",
    "connection": "keep-alive",
    "content-length": "71",
    "cookie": "token=eyJhbGciOiJIUzI1NiIsInR5cCI6IkpXVCJ9.eyJpZCI6IjY5NWM1MzE3Y2VmZTI2NzI1ODExMjZmNiIsInJvbGUiOiJ1c2VyIiwiaXNBY3RpdmUiOnRydWUsImlhdCI6MTc2NzY1ODgxNywiZXhwIjoxNzcwMjUwODE3fQ.x7Vx3YizQ9vyTSje3Hvx-500biEW1QsnomVZxr6LPjg"
  }
}
2026-01-06 07:24:54 [[31merror[39m]: Login error: {
  "error": "next is not a function",
  "stack": "TypeError: next is not a function\n    at model.<anonymous> (D:\\LEARN_FLUTTER\\backend_api\\src\\models\\User.model.js:55:5)\n    at Kareem.execPre (D:\\LEARN_FLUTTER\\backend_api\\node_modules\\kareem\\index.js:63:39)\n    at async model.$__save (D:\\LEARN_FLUTTER\\backend_api\\node_modules\\mongoose\\lib\\model.js:369:5)\n    at async model.save (D:\\LEARN_FLUTTER\\backend_api\\node_modules\\mongoose\\lib\\model.js:609:5)\n    at async exports.login (D:\\LEARN_FLUTTER\\backend_api\\src\\controllers\\auth.controller.js:121:5)"
}
2026-01-06 07:25:49 [[32minfo[39m]: POST /api/v1/auth/login {
  "body": {
    "email": "viu106018@donga.edu.vn",
    "password": "123456"
  },
  "query": {},
  "params": {},
  "headers": {
    "content-type": "application/json",
    "user-agent": "PostmanRuntime/7.51.0",
    "accept": "*/*",
    "cache-control": "no-cache",
    "postman-token": "b40a6146-3669-40f1-bb8b-c65d7ce49b83",
    "host": "localhost:5000",
    "accept-encoding": "gzip, deflate, br",
    "connection": "keep-alive",
    "content-length": "71",
    "cookie": "token=eyJhbGciOiJIUzI1NiIsInR5cCI6IkpXVCJ9.eyJpZCI6IjY5NWM1MzE3Y2VmZTI2NzI1ODExMjZmNiIsInJvbGUiOiJ1c2VyIiwiaXNBY3RpdmUiOnRydWUsImlhdCI6MTc2NzY1ODgxNywiZXhwIjoxNzcwMjUwODE3fQ.x7Vx3YizQ9vyTSje3Hvx-500biEW1QsnomVZxr6LPjg"
  }
}
2026-01-06 07:25:50 [[31merror[39m]: Login error: {
  "error": "next is not a function",
  "stack": "TypeError: next is not a function\n    at model.<anonymous> (D:\\LEARN_FLUTTER\\backend_api\\src\\models\\User.model.js:56:12)\n    at Kareem.execPre (D:\\LEARN_FLUTTER\\backend_api\\node_modules\\kareem\\index.js:63:39)\n    at async model.$__save (D:\\LEARN_FLUTTER\\backend_api\\node_modules\\mongoose\\lib\\model.js:369:5)\n    at async model.save (D:\\LEARN_FLUTTER\\backend_api\\node_modules\\mongoose\\lib\\model.js:609:5)\n    at async exports.login (D:\\LEARN_FLUTTER\\backend_api\\src\\controllers\\auth.controller.js:121:5)"
}
2026-01-06 07:26:45 [[32minfo[39m]: POST /api/v1/auth/login {
  "body": {
    "email": "viu106018@donga.edu.vn",
    "password": "123456"
  },
  "query": {},
  "params": {},
  "headers": {
    "content-type": "application/json",
    "user-agent": "PostmanRuntime/7.51.0",
    "accept": "*/*",
    "cache-control": "no-cache",
    "postman-token": "640b7e86-6c84-4881-adfe-5a980cdbde59",
    "host": "localhost:5000",
    "accept-encoding": "gzip, deflate, br",
    "connection": "keep-alive",
    "content-length": "71",
    "cookie": "token=eyJhbGciOiJIUzI1NiIsInR5cCI6IkpXVCJ9.eyJpZCI6IjY5NWM1MzE3Y2VmZTI2NzI1ODExMjZmNiIsInJvbGUiOiJ1c2VyIiwiaXNBY3RpdmUiOnRydWUsImlhdCI6MTc2NzY1ODgxNywiZXhwIjoxNzcwMjUwODE3fQ.x7Vx3YizQ9vyTSje3Hvx-500biEW1QsnomVZxr6LPjg"
  }
}
2026-01-06 07:26:45 [[31merror[39m]: Token generation error: {
  "error": "next is not a function",
  "stack": "TypeError: next is not a function\n    at model.<anonymous> (D:\\LEARN_FLUTTER\\backend_api\\src\\models\\User.model.js:55:5)\n    at Kareem.execPre (D:\\LEARN_FLUTTER\\backend_api\\node_modules\\kareem\\index.js:63:39)\n    at async model.$__save (D:\\LEARN_FLUTTER\\backend_api\\node_modules\\mongoose\\lib\\model.js:369:5)\n    at async model.save (D:\\LEARN_FLUTTER\\backend_api\\node_modules\\mongoose\\lib\\model.js:609:5)\n    at async UserSchema.methods.getSignedJwtToken (D:\\LEARN_FLUTTER\\backend_api\\src\\models\\User.model.js:75:5)\n    at async exports.login (D:\\LEARN_FLUTTER\\backend_api\\src\\controllers\\auth.controller.js:121:21)"
}
2026-01-06 07:27:23 [[32minfo[39m]: POST /api/v1/auth/login {
  "body": {
    "email": "viu106018@donga.edu.vn",
    "password": "123456"
  },
  "query": {},
  "params": {},
  "headers": {
    "content-type": "application/json",
    "user-agent": "PostmanRuntime/7.51.0",
    "accept": "*/*",
    "cache-control": "no-cache",
    "postman-token": "a07bbaa7-504e-42da-95b5-80379f1fccb8",
    "host": "localhost:5000",
    "accept-encoding": "gzip, deflate, br",
    "connection": "keep-alive",
    "content-length": "71",
    "cookie": "token=eyJhbGciOiJIUzI1NiIsInR5cCI6IkpXVCJ9.eyJpZCI6IjY5NWM1MzE3Y2VmZTI2NzI1ODExMjZmNiIsInJvbGUiOiJ1c2VyIiwiaXNBY3RpdmUiOnRydWUsImlhdCI6MTc2NzY1ODgxNywiZXhwIjoxNzcwMjUwODE3fQ.x7Vx3YizQ9vyTSje3Hvx-500biEW1QsnomVZxr6LPjg"
  }
}
2026-01-06 07:27:23 [[31merror[39m]: Token generation error: {
  "error": "Failed to generate authentication token",
  "stack": "Error: Failed to generate authentication token\n    at UserSchema.methods.getSignedJwtToken (D:\\LEARN_FLUTTER\\backend_api\\src\\models\\User.model.js:106:11)\n    at async exports.login (D:\\LEARN_FLUTTER\\backend_api\\src\\controllers\\auth.controller.js:121:21)"
}
2026-01-06 07:28:26 [[32minfo[39m]: POST /api/v1/auth/login {
  "body": {
    "email": "viu106018@donga.edu.vn",
    "password": "123456"
  },
  "query": {},
  "params": {},
  "headers": {
    "content-type": "application/json",
    "user-agent": "PostmanRuntime/7.51.0",
    "accept": "*/*",
    "cache-control": "no-cache",
    "postman-token": "dc7ebace-a065-4c02-b074-eff03cb123cb",
    "host": "localhost:5000",
    "accept-encoding": "gzip, deflate, br",
    "connection": "keep-alive",
    "content-length": "71",
    "cookie": "token=eyJhbGciOiJIUzI1NiIsInR5cCI6IkpXVCJ9.eyJpZCI6IjY5NWM1MzE3Y2VmZTI2NzI1ODExMjZmNiIsInJvbGUiOiJ1c2VyIiwiaXNBY3RpdmUiOnRydWUsImlhdCI6MTc2NzY1ODgxNywiZXhwIjoxNzcwMjUwODE3fQ.x7Vx3YizQ9vyTSje3Hvx-500biEW1QsnomVZxr6LPjg"
  }
}
2026-01-06 07:28:26 [[32minfo[39m]: Login successful {
  "userId": "695c5317cefe2672581126f6"
}
2026-01-06 07:28:57 [[32minfo[39m]: POST /api/v1/auth/register {
  "body": {
    "name": "test",
    "email": "test@donga.edu.vn",
    "password": "123456"
  },
  "query": {},
  "params": {},
  "headers": {
    "content-type": "application/json",
    "user-agent": "PostmanRuntime/7.51.0",
    "accept": "*/*",
    "cache-control": "no-cache",
    "postman-token": "550d86e3-32dd-4602-8429-e1715d39aa5b",
    "host": "localhost:5000",
    "accept-encoding": "gzip, deflate, br",
    "connection": "keep-alive",
    "content-length": "85",
    "cookie": "token=eyJhbGciOiJIUzI1NiIsInR5cCI6IkpXVCJ9.eyJpZCI6IjY5NWM1MzE3Y2VmZTI2NzI1ODExMjZmNiIsInJvbGUiOiJ1c2VyIiwiaXNBY3RpdmUiOnRydWUsImlhdCI6MTc2NzY1ODgxNywiZXhwIjoxNzcwMjUwODE3fQ.x7Vx3YizQ9vyTSje3Hvx-500biEW1QsnomVZxr6LPjg"
  }
}
2026-01-06 07:28:57 [[32minfo[39m]: Register request received {
  "body": {
    "name": "test",
    "email": "test@donga.edu.vn",
    "password": "123456"
  }
}
2026-01-06 07:28:57 [[32minfo[39m]: User registered successfully {
  "userId": "695c5749753f5eafff7bc1a3"
}
2026-01-31 21:22:14 [[32minfo[39m]: POST /api/v1/auth/forgotpassword 
2026-01-31 21:22:15 [[31merror[39m]: Forgot password error: next is not a function {
  "stack": "TypeError: next is not a function\n    at model.<anonymous> (D:\\Downloads\\Fellow4U\\backend_mobile_updated\\backend_mobile\\src\\models\\User.model.js:68:5)\n    at Kareem.execPre (D:\\Downloads\\Fellow4U\\backend_mobile_updated\\backend_mobile\\node_modules\\kareem\\index.js:63:39)\n    at process.processTicksAndRejections (node:internal/process/task_queues:105:5)\n    at async model.$__save (D:\\Downloads\\Fellow4U\\backend_mobile_updated\\backend_mobile\\node_modules\\mongoose\\lib\\model.js:369:5)\n    at async model.save (D:\\Downloads\\Fellow4U\\backend_mobile_updated\\backend_mobile\\node_modules\\mongoose\\lib\\model.js:609:5)\n    at async exports.forgotPassword (D:\\Downloads\\Fellow4U\\backend_mobile_updated\\backend_mobile\\src\\controllers\\auth.controller.js:188:5)"
}
2026-01-31 21:31:28 [[32minfo[39m]: GET / 
2026-01-31 21:31:29 [[32minfo[39m]: GET /favicon.ico 
2026-02-02 23:12:07 [[31merror[39m]: SyntaxError: Expected double-quoted property name in JSON at position 66 (line 4 column 1)
    at JSON.parse (<anonymous>)
    at parse (D:\LEARN_FLUTTER\backend_api\node_modules\body-parser\lib\types\json.js:74:19)
    at D:\LEARN_FLUTTER\backend_api\node_modules\body-parser\lib\read.js:163:18
    at AsyncResource.runInAsyncScope (node:async_hooks:211:14)
    at invokeCallback (D:\LEARN_FLUTTER\backend_api\node_modules\raw-body\index.js:238:16)
    at done (D:\LEARN_FLUTTER\backend_api\node_modules\raw-body\index.js:227:7)
    at IncomingMessage.onEnd (D:\LEARN_FLUTTER\backend_api\node_modules\raw-body\index.js:287:7)
    at IncomingMessage.emit (node:events:524:28)
    at endReadableNT (node:internal/streams/readable:1698:12)
    at process.processTicksAndRejections (node:internal/process/task_queues:90:21) {
  "url": "/api/v1/login",
  "method": "POST",
  "ip": "::1"
}
2026-02-02 23:12:14 [[32minfo[39m]: POST /api/v1/login 
2026-02-02 23:13:26 [[32minfo[39m]: POST /api/v1/login 
2026-02-02 23:13:28 [[32minfo[39m]: POST /api/v1/login 
2026-02-02 23:13:57 [[32minfo[39m]: POST /api/v1/auth/login 
2026-02-02 23:14:35 [[32minfo[39m]: POST /api/v1/auth/login 
2026-02-02 23:14:37 [[32minfo[39m]: POST /api/v1/auth/login 
2026-02-02 23:16:05 [[32minfo[39m]: POST /api/v1/auth/login 
2026-02-02 23:16:59 [[32minfo[39m]: POST /api/v1/auth/login 
2026-02-02 23:21:31 [[32minfo[39m]: POST /api/v1/auth/login 
2026-02-02 23:21:42 [[32minfo[39m]: POST /api/v1/auth/login 
2026-02-02 23:23:43 [[32minfo[39m]: POST /api/v1/experiences 
2026-02-02 23:24:49 [[32minfo[39m]: POST /api/v1/experiences 
2026-02-02 23:26:19 [[32minfo[39m]: POST /api/v1/experiences 
2026-02-02 23:26:57 [[32minfo[39m]: POST /api/v1/auth/login 
2026-02-02 23:27:10 [[32minfo[39m]: POST /api/v1/experiences 
2026-02-02 23:30:43 [[32minfo[39m]: POST /api/v1/tours 
2026-02-02 23:31:20 [[32minfo[39m]: POST /api/v1/tours 
2026-02-02 23:35:59 [[32minfo[39m]: POST /api/v1/tours 
2026-02-02 23:36:46 [[32minfo[39m]: POST /api/v1/tours 
2026-02-02 23:40:07 [[32minfo[39m]: POST /api/v1/experiences 
2026-03-06 10:19:40 [[32minfo[39m]: GET /api/v1/users 
2026-03-06 10:19:48 [[32minfo[39m]: GET /api/v1/users/profile 
2026-03-06 10:19:48 [[33mwarn[39m]: No token provided 
2026-03-06 10:21:48 [[32minfo[39m]: GET /api/v1/trips 
2026-03-06 10:21:48 [[33mwarn[39m]: No token provided 
2026-03-06 10:23:11 [[32minfo[39m]: POST /api/v1/auth/login 
2026-03-06 10:26:51 [[32minfo[39m]: GET /api/v1/users 
2026-03-06 10:26:57 [[32minfo[39m]: GET /api/v1/users/profile 
2026-03-06 10:40:25 [[32minfo[39m]: GET /api/v1/users/ 
2026-03-06 10:40:27 [[32minfo[39m]: GET /api/v1/users 
2026-03-06 10:40:51 [[32minfo[39m]: GET /api/v1/users 
2026-03-06 10:41:11 [[32minfo[39m]: GET /api/v1/users/users 
2026-03-06 10:41:32 [[32minfo[39m]: GET /api/v1/users 
2026-03-06 10:41:54 [[32minfo[39m]: GET /api/v1/users 
2026-03-06 10:42:04 [[31merror[39m]: Authentication error: {
  "error": "Operation `users.findOne()` buffering timed out after 10000ms"
}
2026-03-06 10:42:16 [[32minfo[39m]: POST /api/v1/auth/login 
2026-03-06 10:42:33 [[32minfo[39m]: POST /api/v1/auth/login 
2026-03-06 10:42:49 [[32minfo[39m]: POST /api/v1/auth/login 
2026-03-06 10:43:30 [[32minfo[39m]: POST /api/v1/auth/login 
2026-03-06 10:43:49 [[32minfo[39m]: POST /api/v1/auth/login 
2026-03-06 10:46:25 [[32minfo[39m]: POST /api/v1/auth/login 
2026-03-06 10:47:29 [[32minfo[39m]: GET /api/v1/users 
2026-03-06 10:47:29 [[31merror[39m]: Authentication error: {
  "error": "invalid signature"
}
2026-03-06 10:47:36 [[32minfo[39m]: GET /api/v1/users 
2026-03-06 10:47:36 [[31merror[39m]: Authentication error: {
  "error": "invalid signature"
}
2026-03-06 10:47:41 [[32minfo[39m]: GET /api/v1/users 
2026-03-06 10:47:41 [[31merror[39m]: Authentication error: {
  "error": "invalid signature"
}
2026-03-06 10:47:53 [[32minfo[39m]: POST /api/v1/auth/login 
2026-03-06 10:49:18 [[32minfo[39m]: POST /api/v1/auth/login 
2026-03-06 10:49:53 [[32minfo[39m]: POST /api/v1/auth/login 
2026-03-06 10:51:06 [[32minfo[39m]: POST /api/v1/auth/login 
2026-03-06 10:52:36 [[32minfo[39m]: POST /api/v1/auth/login 
2026-03-06 10:56:37 [[32minfo[39m]: POST /api/v1/auth/login 
2026-03-16 20:43:55 [[32minfo[39m]: GET /api/v1/guides 
2026-03-16 20:44:18 [[32minfo[39m]: GET /api/v1/guides 
2026-03-16 20:44:38 [[32minfo[39m]: GET /api/v1/guides 
2026-03-16 20:45:51 [[32minfo[39m]: GET /api/v1/fellows 
2026-03-16 20:45:51 [[32minfo[39m]: GET /favicon.ico 
2026-03-16 20:46:46 [[32minfo[39m]: GET /api/v1/fellows 
2026-03-16 20:46:47 [[32minfo[39m]: GET /api/v1/fellows 
2026-03-16 20:46:54 [[32minfo[39m]: GET /api/v1/fellows 
2026-03-16 20:46:54 [[32minfo[39m]: GET /api/v1/fellows 
2026-03-16 20:47:35 [[32minfo[39m]: GET /api/v1/fellows 
2026-03-16 20:47:37 [[32minfo[39m]: GET /api/v1/fellows 
2026-03-16 20:47:37 [[32minfo[39m]: GET /api/v1/fellows 
2026-03-16 20:47:37 [[32minfo[39m]: GET /api/v1/fellows 
2026-03-26 21:24:54 [[32minfo[39m]: GET / 
2026-03-26 21:41:04 [[32minfo[39m]: GET / 
2026-03-26 21:46:56 [[32minfo[39m]: POST /api/v1/auth/login 
2026-03-26 21:46:57 [[32minfo[39m]: GET /api/v1/tours 
2026-03-26 21:46:57 [[32minfo[39m]: GET /api/v1/fellows 
2026-03-26 21:46:57 [[32minfo[39m]: GET /api/v1/places 
2026-03-26 21:46:57 [[32minfo[39m]: GET /api/v1/blogs 
2026-03-26 21:46:57 [[32minfo[39m]: GET /api/v1/experiences 
2026-03-26 21:50:19 [[32minfo[39m]: GET /api/v1/fellows 
2026-03-26 21:50:35 [[32minfo[39m]: GET /api/v1/fellows 
2026-03-26 21:51:39 [[32minfo[39m]: GET /api/v1/fellows 
2026-03-26 21:52:59 [[32minfo[39m]: POST /api/v1/auth/login 
2026-03-26 21:52:59 [[32minfo[39m]: GET /api/v1/tours 
2026-03-26 21:52:59 [[32minfo[39m]: GET /api/v1/fellows 
2026-03-26 21:52:59 [[32minfo[39m]: GET /api/v1/places 
2026-03-26 21:52:59 [[32minfo[39m]: GET /api/v1/blogs 
2026-03-26 21:52:59 [[32minfo[39m]: GET /api/v1/experiences 
2026-03-26 21:55:02 [[32minfo[39m]: GET /api/v1/fellows 
2026-03-26 22:01:11 [[32minfo[39m]: POST /api/v1/auth/login 
2026-03-26 22:01:12 [[32minfo[39m]: GET /api/v1/tours 
2026-03-26 22:01:12 [[32minfo[39m]: GET /api/v1/fellows 
2026-03-26 22:01:12 [[32minfo[39m]: GET /api/v1/places 
2026-03-26 22:01:12 [[32minfo[39m]: GET /api/v1/blogs 
2026-03-26 22:01:12 [[32minfo[39m]: GET /api/v1/experiences 
2026-03-26 22:01:54 [[32minfo[39m]: POST /api/v1/auth/login 
2026-03-26 22:01:55 [[32minfo[39m]: GET /api/v1/tours 
2026-03-26 22:01:55 [[32minfo[39m]: GET /api/v1/fellows 
2026-03-26 22:01:55 [[32minfo[39m]: GET /api/v1/places 
2026-03-26 22:01:55 [[32minfo[39m]: GET /api/v1/blogs 
2026-03-26 22:01:55 [[32minfo[39m]: GET /api/v1/experiences 
2026-03-26 22:08:12 [[32minfo[39m]: GET /api/v1/fellows 
2026-03-26 22:09:54 [[32minfo[39m]: POST /api/v1/auth/login 
2026-03-26 22:09:54 [[32minfo[39m]: GET /api/v1/tours 
2026-03-26 22:09:54 [[32minfo[39m]: GET /api/v1/fellows 
2026-03-26 22:09:54 [[32minfo[39m]: GET /api/v1/places 
2026-03-26 22:09:54 [[32minfo[39m]: GET /api/v1/blogs 
2026-03-26 22:09:54 [[32minfo[39m]: GET /api/v1/experiences 
2026-03-26 22:10:55 [[32minfo[39m]: POST /api/v1/auth/login 
2026-03-26 22:10:55 [[32minfo[39m]: GET /api/v1/tours 
2026-03-26 22:10:55 [[32minfo[39m]: GET /api/v1/fellows 
2026-03-26 22:10:55 [[32minfo[39m]: GET /api/v1/places 
2026-03-26 22:10:55 [[32minfo[39m]: GET /api/v1/blogs 
2026-03-26 22:10:55 [[32minfo[39m]: GET /api/v1/experiences 
2026-03-26 22:15:12 [[32minfo[39m]: GET /api/v1/fellows 
2026-03-26 22:15:34 [[32minfo[39m]: POST /api/v1/auth/login 
2026-03-26 22:15:42 [[32minfo[39m]: POST /api/v1/auth/login 
2026-03-26 22:15:42 [[32minfo[39m]: GET /api/v1/tours 
2026-03-26 22:15:42 [[32minfo[39m]: GET /api/v1/fellows 
2026-03-26 22:15:42 [[32minfo[39m]: GET /api/v1/places 
2026-03-26 22:15:42 [[32minfo[39m]: GET /api/v1/blogs 
2026-03-26 22:15:42 [[32minfo[39m]: GET /api/v1/experiences 
2026-03-26 22:27:28 [[32minfo[39m]: GET /api/v1/experiences 
2026-03-26 22:28:26 [[32minfo[39m]: POST /api/v1/auth/login 
2026-03-26 22:28:27 [[32minfo[39m]: GET /api/v1/tours 
2026-03-26 22:28:27 [[32minfo[39m]: GET /api/v1/fellows 
2026-03-26 22:28:27 [[32minfo[39m]: GET /api/v1/places 
2026-03-26 22:28:27 [[32minfo[39m]: GET /api/v1/blogs 
2026-03-26 22:28:27 [[32minfo[39m]: GET /api/v1/experiences 
2026-03-26 22:32:04 [[32minfo[39m]: GET /api/v1/blogs 
2026-03-26 22:33:39 [[32minfo[39m]: POST /api/v1/auth/login 
2026-03-26 22:33:40 [[32minfo[39m]: GET /api/v1/tours 
2026-03-26 22:33:40 [[32minfo[39m]: GET /api/v1/fellows 
2026-03-26 22:33:40 [[32minfo[39m]: GET /api/v1/places 
2026-03-26 22:33:40 [[32minfo[39m]: GET /api/v1/blogs 
2026-03-26 22:33:40 [[32minfo[39m]: GET /api/v1/experiences 
2026-04-29 08:22:21 [[32minfo[39m]: POST /api/v1/auth/login 
2026-04-29 08:22:22 [[32minfo[39m]: GET /api/v1/tours 
2026-04-29 08:22:22 [[32minfo[39m]: GET /api/v1/fellows 
2026-04-29 08:22:22 [[32minfo[39m]: GET /api/v1/places 
2026-04-29 08:22:22 [[32minfo[39m]: GET /api/v1/blogs 
2026-04-29 08:22:22 [[32minfo[39m]: GET /api/v1/experiences 
2026-04-29 09:33:33 [[32minfo[39m]: POST /api/v1/auth/login 
2026-04-29 09:33:34 [[32minfo[39m]: GET /api/v1/tours 
2026-04-29 09:33:34 [[32minfo[39m]: GET /api/v1/fellows 
2026-04-29 09:33:34 [[32minfo[39m]: GET /api/v1/places 
2026-04-29 09:33:34 [[32minfo[39m]: GET /api/v1/blogs 
2026-04-29 09:33:34 [[32minfo[39m]: GET /api/v1/experiences 
2026-04-29 09:33:34 [[32minfo[39m]: GET /api/v1/trips 
2026-04-29 09:33:34 [[33mwarn[39m]: No token provided 
2026-04-29 09:46:27 [[32minfo[39m]: POST /api/v1/auth/login 
2026-04-29 09:46:27 [[32minfo[39m]: GET /api/v1/tours 
2026-04-29 09:46:27 [[32minfo[39m]: GET /api/v1/fellows 
2026-04-29 09:46:27 [[32minfo[39m]: GET /api/v1/places 
2026-04-29 09:46:27 [[32minfo[39m]: GET /api/v1/blogs 
2026-04-29 09:46:27 [[32minfo[39m]: GET /api/v1/experiences 
2026-04-29 09:46:27 [[32minfo[39m]: GET /api/v1/trips 
2026-04-29 09:46:27 [[33mwarn[39m]: No token provided 
2026-04-29 09:49:45 [[32minfo[39m]: POST /api/v1/auth/login 
2026-04-29 09:49:46 [[32minfo[39m]: GET /api/v1/tours 
2026-04-29 09:49:46 [[32minfo[39m]: GET /api/v1/fellows 
2026-04-29 09:49:46 [[32minfo[39m]: GET /api/v1/places 
2026-04-29 09:49:46 [[32minfo[39m]: GET /api/v1/blogs 
2026-04-29 09:49:46 [[32minfo[39m]: GET /api/v1/experiences 
2026-04-29 09:49:46 [[32minfo[39m]: GET /api/v1/trips 
2026-04-29 09:49:46 [[33mwarn[39m]: No token provided 
2026-04-29 10:05:30 [[32minfo[39m]: POST /api/v1/auth/login 
2026-04-29 10:05:30 [[32minfo[39m]: GET /api/v1/tours 
2026-04-29 10:05:30 [[32minfo[39m]: GET /api/v1/fellows 
2026-04-29 10:05:30 [[32minfo[39m]: GET /api/v1/places 
2026-04-29 10:05:30 [[32minfo[39m]: GET /api/v1/blogs 
2026-04-29 10:05:30 [[32minfo[39m]: GET /api/v1/experiences 
2026-04-29 10:05:30 [[32minfo[39m]: GET /api/v1/trips 
2026-04-29 10:08:23 [[32minfo[39m]: POST /api/v1/auth/login 
2026-04-29 10:08:24 [[32minfo[39m]: GET /api/v1/tours 
2026-04-29 10:08:24 [[32minfo[39m]: GET /api/v1/fellows 
2026-04-29 10:08:24 [[32minfo[39m]: GET /api/v1/places 
2026-04-29 10:08:24 [[32minfo[39m]: GET /api/v1/blogs 
2026-04-29 10:08:24 [[32minfo[39m]: GET /api/v1/experiences 
2026-04-29 10:08:24 [[32minfo[39m]: GET /api/v1/trips 
2026-04-29 10:10:35 [[32minfo[39m]: POST /api/v1/auth/login 
2026-04-29 10:10:36 [[32minfo[39m]: GET /api/v1/tours 
2026-04-29 10:10:36 [[32minfo[39m]: GET /api/v1/fellows 
2026-04-29 10:10:36 [[32minfo[39m]: GET /api/v1/places 
2026-04-29 10:10:36 [[32minfo[39m]: GET /api/v1/blogs 
2026-04-29 10:10:36 [[32minfo[39m]: GET /api/v1/experiences 
2026-04-29 10:10:36 [[32minfo[39m]: GET /api/v1/trips 
2026-04-29 10:11:56 [[32minfo[39m]: GET / 
2026-04-29 10:11:56 [[32minfo[39m]: GET /favicon.ico 
2026-04-29 10:11:59 [[32minfo[39m]: GET //api/v1/trips 
2026-04-29 10:12:02 [[32minfo[39m]: GET /api/v1/trips 
2026-04-29 10:12:02 [[33mwarn[39m]: No token provided 
2026-04-29 10:12:57 [[32minfo[39m]: POST /api/v1/auth/login 
2026-04-29 10:12:58 [[32minfo[39m]: GET /api/v1/fellows 
2026-04-29 10:12:58 [[32minfo[39m]: GET /api/v1/tours 
2026-04-29 10:12:58 [[32minfo[39m]: GET /api/v1/places 
2026-04-29 10:12:58 [[32minfo[39m]: GET /api/v1/blogs 
2026-04-29 10:12:58 [[32minfo[39m]: GET /api/v1/experiences 
2026-04-29 10:12:58 [[32minfo[39m]: GET /api/v1/trips 
2026-04-29 10:14:28 [[32minfo[39m]: POST /api/v1/auth/login 
2026-04-29 10:14:29 [[32minfo[39m]: GET /api/v1/tours 
2026-04-29 10:14:29 [[32minfo[39m]: GET /api/v1/fellows 
2026-04-29 10:14:29 [[32minfo[39m]: GET /api/v1/places 
2026-04-29 10:14:29 [[32minfo[39m]: GET /api/v1/blogs 
2026-04-29 10:14:29 [[32minfo[39m]: GET /api/v1/experiences 
2026-04-29 10:14:29 [[32minfo[39m]: GET /api/v1/trips 
2026-04-29 10:20:31 [[32minfo[39m]: POST /api/v1/auth/login 
2026-04-29 10:20:31 [[32minfo[39m]: GET /api/v1/fellows 
2026-04-29 10:20:31 [[32minfo[39m]: GET /api/v1/tours 
2026-04-29 10:20:31 [[32minfo[39m]: GET /api/v1/places 
2026-04-29 10:20:31 [[32minfo[39m]: GET /api/v1/blogs 
2026-04-29 10:20:31 [[32minfo[39m]: GET /api/v1/experiences 
2026-04-29 10:20:31 [[32minfo[39m]: GET /api/v1/trips 
2026-04-29 10:22:40 [[32minfo[39m]: POST /api/v1/auth/login 
2026-04-29 10:22:40 [[32minfo[39m]: GET /api/v1/fellows 
2026-04-29 10:22:40 [[32minfo[39m]: GET /api/v1/tours 
2026-04-29 10:22:40 [[32minfo[39m]: GET /api/v1/places 
2026-04-29 10:22:40 [[32minfo[39m]: GET /api/v1/blogs 
2026-04-29 10:22:40 [[32minfo[39m]: GET /api/v1/experiences 
2026-04-29 10:22:40 [[32minfo[39m]: GET /api/v1/trips 
2026-04-29 10:23:31 [[32minfo[39m]: GET /api/v1/trips 
2026-04-29 10:23:32 [[32minfo[39m]: GET /api/v1/trips 
2026-04-29 10:23:32 [[32minfo[39m]: GET /api/v1/trips 
2026-04-29 10:23:32 [[32minfo[39m]: GET /api/v1/trips 
2026-04-29 10:23:32 [[32minfo[39m]: GET /api/v1/trips 
2026-04-29 10:23:36 [[32minfo[39m]: GET /api/v1/trips 
2026-04-29 10:39:42 [[32minfo[39m]: POST /api/v1/auth/login 
2026-04-29 10:39:43 [[32minfo[39m]: GET /api/v1/tours 
2026-04-29 10:39:43 [[32minfo[39m]: GET /api/v1/fellows 
2026-04-29 10:39:43 [[32minfo[39m]: GET /api/v1/places 
2026-04-29 10:39:43 [[32minfo[39m]: GET /api/v1/blogs 
2026-04-29 10:39:43 [[32minfo[39m]: GET /api/v1/experiences 
2026-04-29 10:39:43 [[32minfo[39m]: GET /api/v1/trips 
2026-04-29 10:41:35 [[32minfo[39m]: POST /api/v1/trips 
2026-04-29 10:44:21 [[32minfo[39m]: POST /api/v1/auth/login 
2026-04-29 10:44:22 [[32minfo[39m]: GET /api/v1/tours 
2026-04-29 10:44:22 [[32minfo[39m]: GET /api/v1/fellows 
2026-04-29 10:44:22 [[32minfo[39m]: GET /api/v1/places 
2026-04-29 10:44:22 [[32minfo[39m]: GET /api/v1/blogs 
2026-04-29 10:44:22 [[32minfo[39m]: GET /api/v1/experiences 
2026-04-29 10:44:22 [[32minfo[39m]: GET /api/v1/trips 
2026-04-29 10:51:01 [[32minfo[39m]: POST /api/v1/auth/login 
2026-04-29 10:51:01 [[32minfo[39m]: GET /api/v1/tours 
2026-04-29 10:51:01 [[32minfo[39m]: GET /api/v1/fellows 
2026-04-29 10:51:01 [[32minfo[39m]: GET /api/v1/places 
2026-04-29 10:51:01 [[32minfo[39m]: GET /api/v1/blogs 
2026-04-29 10:51:01 [[32minfo[39m]: GET /api/v1/experiences 
2026-04-29 10:51:01 [[32minfo[39m]: GET /api/v1/trips 
2026-04-29 10:51:57 [[32minfo[39m]: POST /api/v1/auth/login 
2026-04-29 10:51:58 [[32minfo[39m]: GET /api/v1/tours 
2026-04-29 10:51:58 [[32minfo[39m]: GET /api/v1/fellows 
2026-04-29 10:51:58 [[32minfo[39m]: GET /api/v1/places 
2026-04-29 10:51:58 [[32minfo[39m]: GET /api/v1/blogs 
2026-04-29 10:51:58 [[32minfo[39m]: GET /api/v1/experiences 
2026-04-29 10:51:58 [[32minfo[39m]: GET /api/v1/trips 
2026-04-29 11:00:46 [[32minfo[39m]: POST /api/v1/auth/login 
2026-04-29 11:00:46 [[32minfo[39m]: GET /api/v1/fellows 
2026-04-29 11:00:46 [[32minfo[39m]: GET /api/v1/tours 
2026-04-29 11:00:46 [[32minfo[39m]: GET /api/v1/places 
2026-04-29 11:00:46 [[32minfo[39m]: GET /api/v1/blogs 
2026-04-29 11:00:46 [[32minfo[39m]: GET /api/v1/experiences 
2026-04-29 11:00:46 [[32minfo[39m]: GET /api/v1/trips 
2026-04-29 11:08:59 [[32minfo[39m]: POST /api/v1/auth/login 
2026-04-29 11:09:00 [[32minfo[39m]: GET /api/v1/tours 
2026-04-29 11:09:00 [[32minfo[39m]: GET /api/v1/fellows 
2026-04-29 11:09:00 [[32minfo[39m]: GET /api/v1/places 
2026-04-29 11:09:00 [[32minfo[39m]: GET /api/v1/blogs 
2026-04-29 11:09:00 [[32minfo[39m]: GET /api/v1/experiences 
2026-04-29 11:09:00 [[32minfo[39m]: GET /api/v1/trips 
2026-04-29 11:12:16 [[32minfo[39m]: POST /api/v1/auth/login 
2026-04-29 11:12:16 [[32minfo[39m]: GET /api/v1/tours 
2026-04-29 11:12:16 [[32minfo[39m]: GET /api/v1/fellows 
2026-04-29 11:12:16 [[32minfo[39m]: GET /api/v1/places 
2026-04-29 11:12:16 [[32minfo[39m]: GET /api/v1/blogs 
2026-04-29 11:12:16 [[32minfo[39m]: GET /api/v1/experiences 
2026-04-29 11:12:16 [[32minfo[39m]: GET /api/v1/trips 
2026-04-29 11:13:59 [[32minfo[39m]: POST /api/v1/trips 
2026-04-29 11:13:59 [[32minfo[39m]: GET /api/v1/trips 
2026-04-29 11:24:10 [[32minfo[39m]: POST /api/v1/auth/login 
2026-04-29 11:24:11 [[32minfo[39m]: GET /api/v1/tours 
2026-04-29 11:24:11 [[32minfo[39m]: GET /api/v1/fellows 
2026-04-29 11:24:11 [[32minfo[39m]: GET /api/v1/places 
2026-04-29 11:24:11 [[32minfo[39m]: GET /api/v1/blogs 
2026-04-29 11:24:11 [[32minfo[39m]: GET /api/v1/experiences 
2026-04-29 11:24:11 [[32minfo[39m]: GET /api/v1/trips 
2026-04-29 11:24:48 [[32minfo[39m]: POST /api/v1/trips 
2026-04-29 11:24:48 [[32minfo[39m]: GET /api/v1/trips 
2026-04-29 19:54:44 [[32minfo[39m]: POST /api/v1/auth/login 
2026-04-29 19:54:45 [[32minfo[39m]: GET /api/v1/tours 
2026-04-29 19:54:45 [[32minfo[39m]: GET /api/v1/fellows 
2026-04-29 19:54:45 [[32minfo[39m]: GET /api/v1/places 
2026-04-29 19:54:45 [[32minfo[39m]: GET /api/v1/blogs 
2026-04-29 19:54:45 [[32minfo[39m]: GET /api/v1/experiences 
2026-04-29 19:54:45 [[32minfo[39m]: GET /api/v1/trips 
2026-04-29 20:14:33 [[32minfo[39m]: POST /api/v1/auth/login 
2026-04-29 20:14:33 [[32minfo[39m]: GET /api/v1/fellows 
2026-04-29 20:14:33 [[32minfo[39m]: GET /api/v1/tours 
2026-04-29 20:14:33 [[32minfo[39m]: GET /api/v1/places 
2026-04-29 20:14:33 [[32minfo[39m]: GET /api/v1/blogs 
2026-04-29 20:14:33 [[32minfo[39m]: GET /api/v1/experiences 
2026-04-29 20:14:33 [[32minfo[39m]: GET /api/v1/trips 
2026-04-29 20:14:33 [[32minfo[39m]: GET /api/v1/chat/conversations 
2026-04-29 20:14:41 [[32minfo[39m]: GET /api/v1/chat/conversations 
2026-04-29 20:14:41 [[32minfo[39m]: GET /api/v1/chat/conversations 
2026-04-29 20:14:42 [[32minfo[39m]: GET /api/v1/chat/conversations 
2026-04-29 20:17:08 [[32minfo[39m]: GET /api/v1/chat/users?q= 
2026-04-29 20:17:16 [[32minfo[39m]: GET /api/v1/chat/users?q=J 
2026-04-29 20:17:17 [[32minfo[39m]: GET /api/v1/chat/users?q= 
2026-04-29 20:18:34 [[32minfo[39m]: POST /api/v1/auth/login 
2026-04-29 20:19:11 [[32minfo[39m]: POST /api/v1/auth/login 
2026-04-29 20:19:12 [[32minfo[39m]: GET /api/v1/tours 
2026-04-29 20:19:12 [[32minfo[39m]: GET /api/v1/fellows 
2026-04-29 20:19:12 [[32minfo[39m]: GET /api/v1/places 
2026-04-29 20:19:12 [[32minfo[39m]: GET /api/v1/blogs 
2026-04-29 20:19:12 [[32minfo[39m]: GET /api/v1/experiences 
2026-04-29 20:19:12 [[32minfo[39m]: GET /api/v1/trips 
2026-04-29 20:19:12 [[32minfo[39m]: GET /api/v1/chat/conversations 
2026-04-29 20:19:28 [[32minfo[39m]: POST /api/v1/auth/login 
2026-04-29 20:19:28 [[32minfo[39m]: GET /api/v1/tours 
2026-04-29 20:19:28 [[32minfo[39m]: GET /api/v1/fellows 
2026-04-29 20:19:28 [[32minfo[39m]: GET /api/v1/places 
2026-04-29 20:19:28 [[32minfo[39m]: GET /api/v1/blogs 
2026-04-29 20:19:28 [[32minfo[39m]: GET /api/v1/experiences 
2026-04-29 20:19:28 [[32minfo[39m]: GET /api/v1/trips 
2026-04-29 20:19:28 [[32minfo[39m]: GET /api/v1/chat/conversations 
2026-04-29 20:20:06 [[32minfo[39m]: POST /api/v1/auth/login 
2026-04-29 20:20:06 [[32minfo[39m]: GET /api/v1/tours 
2026-04-29 20:20:06 [[32minfo[39m]: GET /api/v1/fellows 
2026-04-29 20:20:06 [[32minfo[39m]: GET /api/v1/places 
2026-04-29 20:20:06 [[32minfo[39m]: GET /api/v1/blogs 
2026-04-29 20:20:06 [[32minfo[39m]: GET /api/v1/experiences 
2026-04-29 20:20:06 [[32minfo[39m]: GET /api/v1/trips 
2026-04-29 20:20:06 [[32minfo[39m]: GET /api/v1/chat/conversations 
2026-04-29 20:21:17 [[32minfo[39m]: POST /api/v1/auth/login 
2026-04-29 20:21:18 [[32minfo[39m]: GET /api/v1/tours 
2026-04-29 20:21:18 [[32minfo[39m]: GET /api/v1/fellows 
2026-04-29 20:21:18 [[32minfo[39m]: GET /api/v1/places 
2026-04-29 20:21:18 [[32minfo[39m]: GET /api/v1/blogs 
2026-04-29 20:21:18 [[32minfo[39m]: GET /api/v1/experiences 
2026-04-29 20:21:18 [[32minfo[39m]: GET /api/v1/trips 
2026-04-29 20:21:18 [[32minfo[39m]: GET /api/v1/chat/conversations 
2026-04-29 20:27:44 [[32minfo[39m]: POST /api/v1/auth/login 
2026-04-29 20:27:44 [[32minfo[39m]: GET /api/v1/tours 
2026-04-29 20:27:44 [[32minfo[39m]: GET /api/v1/fellows 
2026-04-29 20:27:44 [[32minfo[39m]: GET /api/v1/places 
2026-04-29 20:27:44 [[32minfo[39m]: GET /api/v1/blogs 
2026-04-29 20:27:44 [[32minfo[39m]: GET /api/v1/experiences 
2026-04-29 20:27:44 [[32minfo[39m]: GET /api/v1/trips 
2026-04-29 20:27:45 [[32minfo[39m]: GET /api/v1/chat/conversations 
2026-04-29 20:27:48 [[32minfo[39m]: GET /api/v1/chat/users?q= 
2026-04-29 20:27:52 [[32minfo[39m]: POST /api/v1/chat/conversations 
2026-04-29 20:27:55 [[32minfo[39m]: GET /api/v1/chat/users?q= 
2026-04-29 20:27:58 [[32minfo[39m]: GET /api/v1/chat/users?q=v 
2026-04-29 20:27:58 [[32minfo[39m]: GET /api/v1/chat/users?q=vi 
2026-04-29 20:27:58 [[32minfo[39m]: GET /api/v1/chat/users?q=viu 
2026-04-29 20:28:01 [[32minfo[39m]: POST /api/v1/chat/conversations 
2026-04-29 20:28:11 [[32minfo[39m]: GET /api/v1/chat/users?q= 
2026-04-29 20:28:17 [[32minfo[39m]: POST /api/v1/chat/conversations 
2026-04-29 20:28:17 [[32minfo[39m]: POST /api/v1/chat/conversations 
2026-04-29 20:28:25 [[32minfo[39m]: GET /api/v1/chat/users?q= 
2026-04-29 20:38:20 [[32minfo[39m]: POST /api/v1/auth/login 
2026-04-29 20:38:20 [[32minfo[39m]: GET /api/v1/tours 
2026-04-29 20:38:20 [[32minfo[39m]: GET /api/v1/fellows 
2026-04-29 20:38:20 [[32minfo[39m]: GET /api/v1/places 
2026-04-29 20:38:20 [[32minfo[39m]: GET /api/v1/blogs 
2026-04-29 20:38:20 [[32minfo[39m]: GET /api/v1/experiences 
2026-04-29 20:38:20 [[32minfo[39m]: GET /api/v1/trips 
2026-04-29 20:38:20 [[32minfo[39m]: GET /api/v1/chat/conversations 
2026-04-29 20:38:25 [[32minfo[39m]: GET /api/v1/chat/conversations/69f2077111ecc7f6308b70ba/messages 
2026-04-29 20:38:29 [[32minfo[39m]: GET /api/v1/chat/conversations/69f2077111ecc7f6308b70ba/messages 
2026-04-29 20:38:31 [[32minfo[39m]: GET /api/v1/chat/users?q= 
2026-04-29 20:38:54 [[32minfo[39m]: GET /api/v1/chat/conversations/69f2075811ecc7f6308b70a7/messages 
2026-04-29 20:39:18 [[32minfo[39m]: GET /api/v1/chat/users?q= 
2026-04-29 20:39:22 [[32minfo[39m]: GET /api/v1/chat/conversations/69f2077111ecc7f6308b70ba/messages 
2026-04-29 20:39:28 [[32minfo[39m]: GET /api/v1/chat/conversations/69f2075811ecc7f6308b70a7/messages 
2026-04-29 20:39:32 [[32minfo[39m]: POST /api/v1/chat/messages 
2026-04-29 20:39:37 [[32minfo[39m]: GET /api/v1/chat/conversations/69f2075811ecc7f6308b70a7/messages 
2026-04-29 20:50:33 [[32minfo[39m]: POST /api/v1/auth/login 
2026-04-29 20:50:34 [[32minfo[39m]: GET /api/v1/tours 
2026-04-29 20:50:34 [[32minfo[39m]: GET /api/v1/fellows 
2026-04-29 20:50:34 [[32minfo[39m]: GET /api/v1/places 
2026-04-29 20:50:34 [[32minfo[39m]: GET /api/v1/blogs 
2026-04-29 20:50:34 [[32minfo[39m]: GET /api/v1/experiences 
2026-04-29 20:50:34 [[32minfo[39m]: GET /api/v1/trips 
2026-04-29 20:50:34 [[32minfo[39m]: GET /api/v1/chat/conversations 
2026-04-29 20:52:09 [[32minfo[39m]: POST /api/v1/auth/login 
2026-04-29 20:52:10 [[32minfo[39m]: GET /api/v1/tours 
2026-04-29 20:52:10 [[32minfo[39m]: GET /api/v1/fellows 
2026-04-29 20:52:10 [[32minfo[39m]: GET /api/v1/places 
2026-04-29 20:52:10 [[32minfo[39m]: GET /api/v1/blogs 
2026-04-29 20:52:10 [[32minfo[39m]: GET /api/v1/experiences 
2026-04-29 20:52:10 [[32minfo[39m]: GET /api/v1/trips 
2026-04-29 20:52:10 [[32minfo[39m]: GET /api/v1/chat/conversations 
2026-04-29 20:56:18 [[32minfo[39m]: POST /api/v1/auth/login 
2026-04-29 20:56:19 [[32minfo[39m]: GET /api/v1/tours 
2026-04-29 20:56:19 [[32minfo[39m]: GET /api/v1/fellows 
2026-04-29 20:56:19 [[32minfo[39m]: GET /api/v1/places 
2026-04-29 20:56:19 [[32minfo[39m]: GET /api/v1/blogs 
2026-04-29 20:56:19 [[32minfo[39m]: GET /api/v1/experiences 
2026-04-29 20:56:19 [[32minfo[39m]: GET /api/v1/trips 
2026-04-29 20:56:19 [[32minfo[39m]: GET /api/v1/chat/conversations 
2026-04-29 20:56:22 [[32minfo[39m]: GET /api/v1/chat/conversations/69f2077111ecc7f6308b70ba/messages 
2026-04-29 20:56:23 [[32minfo[39m]: GET /api/v1/chat/conversations 
2026-04-29 20:58:57 [[32minfo[39m]: GET /api/v1/chat/conversations/69f2075811ecc7f6308b70a7/messages 
2026-04-29 20:59:01 [[32minfo[39m]: POST /api/v1/chat/messages 
2026-04-29 20:59:04 [[32minfo[39m]: GET /api/v1/chat/conversations 
2026-04-29 20:59:05 [[32minfo[39m]: GET /api/v1/chat/conversations/69f2077111ecc7f6308b70ba/messages 
2026-04-29 20:59:07 [[32minfo[39m]: GET /api/v1/chat/conversations 
2026-04-29 20:59:11 [[32minfo[39m]: GET /api/v1/chat/users?q= 
2026-04-29 21:07:54 [[32minfo[39m]: GET /api/v1/chat/conversations/69f2075811ecc7f6308b70a7/messages 
2026-04-29 21:07:55 [[32minfo[39m]: GET /api/v1/chat/conversations 
2026-04-29 21:07:56 [[32minfo[39m]: GET /api/v1/chat/conversations/69f2077111ecc7f6308b70ba/messages 
2026-04-29 21:07:57 [[32minfo[39m]: GET /api/v1/chat/conversations 
2026-04-29 21:08:00 [[32minfo[39m]: GET /api/v1/chat/conversations/69f2075811ecc7f6308b70a7/messages 
2026-04-29 21:08:01 [[32minfo[39m]: GET /api/v1/chat/conversations 
2026-04-29 21:09:27 [[32minfo[39m]: POST /api/v1/auth/login 
2026-04-29 21:09:31 [[32minfo[39m]: POST /api/v1/auth/login 
2026-04-29 21:09:32 [[32minfo[39m]: GET /api/v1/tours 
2026-04-29 21:09:32 [[32minfo[39m]: GET /api/v1/fellows 
2026-04-29 21:09:32 [[32minfo[39m]: GET /api/v1/places 
2026-04-29 21:09:32 [[32minfo[39m]: GET /api/v1/blogs 
2026-04-29 21:09:32 [[32minfo[39m]: GET /api/v1/experiences 
2026-04-29 21:09:32 [[32minfo[39m]: GET /api/v1/trips 
2026-04-29 21:09:32 [[32minfo[39m]: GET /api/v1/chat/conversations 
2026-04-29 21:15:25 [[32minfo[39m]: POST /api/v1/auth/login 
2026-04-29 21:15:26 [[32minfo[39m]: GET /api/v1/tours 
2026-04-29 21:15:26 [[32minfo[39m]: GET /api/v1/fellows 
2026-04-29 21:15:26 [[32minfo[39m]: GET /api/v1/places 
2026-04-29 21:15:26 [[32minfo[39m]: GET /api/v1/blogs 
2026-04-29 21:15:26 [[32minfo[39m]: GET /api/v1/experiences 
2026-04-29 21:15:26 [[32minfo[39m]: GET /api/v1/trips 
2026-04-29 21:15:26 [[32minfo[39m]: GET /api/v1/chat/conversations 
2026-04-29 21:16:57 [[32minfo[39m]: POST /api/v1/auth/login 
2026-04-29 21:16:57 [[32minfo[39m]: GET /api/v1/tours 
2026-04-29 21:16:57 [[32minfo[39m]: GET /api/v1/fellows 
2026-04-29 21:16:57 [[32minfo[39m]: GET /api/v1/places 
2026-04-29 21:16:57 [[32minfo[39m]: GET /api/v1/blogs 
2026-04-29 21:16:57 [[32minfo[39m]: GET /api/v1/experiences 
2026-04-29 21:16:57 [[32minfo[39m]: GET /api/v1/trips 
2026-04-29 21:16:57 [[32minfo[39m]: GET /api/v1/chat/conversations 
2026-04-29 21:17:02 [[32minfo[39m]: GET /api/v1/chat/conversations/69f2075811ecc7f6308b70a7/messages 
2026-04-29 21:17:05 [[32minfo[39m]: GET /api/v1/chat/conversations 
2026-04-29 21:17:06 [[32minfo[39m]: GET /api/v1/chat/conversations/69f2075811ecc7f6308b70a7/messages 
2026-04-29 21:17:06 [[32minfo[39m]: GET /api/v1/chat/conversations 
2026-04-29 21:17:07 [[32minfo[39m]: GET /api/v1/chat/conversations/69f2075811ecc7f6308b70a7/messages 
2026-04-29 21:17:16 [[32minfo[39m]: POST /api/v1/chat/messages 
2026-04-29 21:17:18 [[32minfo[39m]: GET /api/v1/chat/conversations 
2026-04-29 21:17:20 [[32minfo[39m]: GET /api/v1/chat/conversations/69f2075811ecc7f6308b70a7/messages 
2026-04-29 21:17:20 [[32minfo[39m]: GET /api/v1/chat/conversations 
2026-04-29 21:17:22 [[32minfo[39m]: GET /api/v1/chat/conversations/69f2075811ecc7f6308b70a7/messages 
2026-04-29 21:17:22 [[32minfo[39m]: GET /api/v1/chat/conversations 
2026-04-29 21:17:23 [[32minfo[39m]: GET /api/v1/chat/users?q= 
2026-04-29 21:17:26 [[32minfo[39m]: GET /api/v1/chat/conversations/69f2075811ecc7f6308b70a7/messages 
2026-04-29 21:17:27 [[32minfo[39m]: GET /api/v1/chat/conversations 
2026-04-29 21:17:30 [[32minfo[39m]: GET /api/v1/chat/conversations/69f2075811ecc7f6308b70a7/messages 
2026-04-29 21:17:31 [[32minfo[39m]: GET /api/v1/chat/conversations 
2026-04-29 21:17:51 [[32minfo[39m]: POST /api/v1/auth/login 
2026-04-29 21:17:51 [[32minfo[39m]: GET /api/v1/tours 
2026-04-29 21:17:51 [[32minfo[39m]: GET /api/v1/fellows 
2026-04-29 21:17:51 [[32minfo[39m]: GET /api/v1/places 
2026-04-29 21:17:51 [[32minfo[39m]: GET /api/v1/blogs 
2026-04-29 21:17:51 [[32minfo[39m]: GET /api/v1/experiences 
2026-04-29 21:17:51 [[32minfo[39m]: GET /api/v1/trips 
2026-04-29 21:17:51 [[32minfo[39m]: GET /api/v1/chat/conversations 
2026-04-29 21:26:40 [[32minfo[39m]: POST /api/v1/auth/login 
2026-04-29 21:26:40 [[32minfo[39m]: GET /api/v1/tours 
2026-04-29 21:26:40 [[32minfo[39m]: GET /api/v1/fellows 
2026-04-29 21:26:40 [[32minfo[39m]: GET /api/v1/places 
2026-04-29 21:26:40 [[32minfo[39m]: GET /api/v1/blogs 
2026-04-29 21:26:40 [[32minfo[39m]: GET /api/v1/experiences 
2026-04-29 21:26:40 [[32minfo[39m]: GET /api/v1/trips 
2026-04-29 21:26:40 [[32minfo[39m]: GET /api/v1/chat/conversations 
2026-04-29 21:28:27 [[32minfo[39m]: POST /api/v1/auth/login 
2026-04-29 21:28:28 [[32minfo[39m]: GET /api/v1/tours 
2026-04-29 21:28:28 [[32minfo[39m]: GET /api/v1/fellows 
2026-04-29 21:28:28 [[32minfo[39m]: GET /api/v1/places 
2026-04-29 21:28:28 [[32minfo[39m]: GET /api/v1/blogs 
2026-04-29 21:28:28 [[32minfo[39m]: GET /api/v1/experiences 
2026-04-29 21:28:28 [[32minfo[39m]: GET /api/v1/trips 
2026-04-29 21:28:28 [[32minfo[39m]: GET /api/v1/chat/conversations 
2026-04-29 21:28:56 [[32minfo[39m]: POST /api/v1/auth/login 
2026-04-29 21:28:57 [[32minfo[39m]: GET /api/v1/tours 
2026-04-29 21:28:57 [[32minfo[39m]: GET /api/v1/fellows 
2026-04-29 21:28:57 [[32minfo[39m]: GET /api/v1/places 
2026-04-29 21:28:57 [[32minfo[39m]: GET /api/v1/blogs 
2026-04-29 21:28:57 [[32minfo[39m]: GET /api/v1/experiences 
2026-04-29 21:28:57 [[32minfo[39m]: GET /api/v1/trips 
2026-04-29 21:28:57 [[32minfo[39m]: GET /api/v1/chat/conversations 
2026-04-29 21:33:24 [[32minfo[39m]: POST /api/v1/auth/login 
2026-04-29 21:33:24 [[32minfo[39m]: GET /api/v1/tours 
2026-04-29 21:33:24 [[32minfo[39m]: GET /api/v1/fellows 
2026-04-29 21:33:24 [[32minfo[39m]: GET /api/v1/places 
2026-04-29 21:33:24 [[32minfo[39m]: GET /api/v1/blogs 
2026-04-29 21:33:24 [[32minfo[39m]: GET /api/v1/experiences 
2026-04-29 21:33:24 [[32minfo[39m]: GET /api/v1/trips 
2026-04-29 21:33:24 [[32minfo[39m]: GET /api/v1/chat/conversations 
2026-04-29 21:33:41 [[32minfo[39m]: POST /api/v1/auth/login 
2026-04-29 21:33:41 [[32minfo[39m]: GET /api/v1/tours 
2026-04-29 21:33:41 [[32minfo[39m]: GET /api/v1/fellows 
2026-04-29 21:33:41 [[32minfo[39m]: GET /api/v1/places 
2026-04-29 21:33:41 [[32minfo[39m]: GET /api/v1/blogs 
2026-04-29 21:33:41 [[32minfo[39m]: GET /api/v1/experiences 
2026-04-29 21:33:41 [[32minfo[39m]: GET /api/v1/trips 
2026-04-29 21:33:41 [[32minfo[39m]: GET /api/v1/chat/conversations 
2026-04-29 21:40:30 [[32minfo[39m]: POST /api/v1/auth/login 
2026-04-29 21:40:30 [[32minfo[39m]: GET /api/v1/fellows 
2026-04-29 21:40:30 [[32minfo[39m]: GET /api/v1/tours 
2026-04-29 21:40:30 [[32minfo[39m]: GET /api/v1/places 
2026-04-29 21:40:30 [[32minfo[39m]: GET /api/v1/blogs 
2026-04-29 21:40:30 [[32minfo[39m]: GET /api/v1/experiences 
2026-04-29 21:40:30 [[32minfo[39m]: GET /api/v1/trips 
2026-04-29 21:40:30 [[32minfo[39m]: GET /api/v1/chat/conversations 
2026-04-29 21:40:33 [[32minfo[39m]: GET /api/v1/chat/conversations/69f2075811ecc7f6308b70a7/messages 
2026-04-29 21:40:34 [[32minfo[39m]: GET /api/v1/chat/conversations 
2026-04-29 21:40:46 [[32minfo[39m]: POST /api/v1/auth/login 
2026-04-29 21:40:46 [[32minfo[39m]: GET /api/v1/tours 
2026-04-29 21:40:46 [[32minfo[39m]: GET /api/v1/fellows 
2026-04-29 21:40:46 [[32minfo[39m]: GET /api/v1/places 
2026-04-29 21:40:46 [[32minfo[39m]: GET /api/v1/blogs 
2026-04-29 21:40:46 [[32minfo[39m]: GET /api/v1/experiences 
2026-04-29 21:40:46 [[32minfo[39m]: GET /api/v1/trips 
2026-04-29 21:40:46 [[32minfo[39m]: GET /api/v1/chat/conversations 
2026-04-29 21:43:48 [[32minfo[39m]: POST /api/v1/auth/login 
2026-04-29 21:43:48 [[32minfo[39m]: GET /api/v1/tours 
2026-04-29 21:43:48 [[32minfo[39m]: GET /api/v1/fellows 
2026-04-29 21:43:48 [[32minfo[39m]: GET /api/v1/places 
2026-04-29 21:43:48 [[32minfo[39m]: GET /api/v1/blogs 
2026-04-29 21:43:48 [[32minfo[39m]: GET /api/v1/experiences 
2026-04-29 21:43:48 [[32minfo[39m]: GET /api/v1/trips 
2026-04-29 21:43:48 [[32minfo[39m]: GET /api/v1/chat/conversations 
2026-04-29 21:44:07 [[32minfo[39m]: POST /api/v1/auth/login 
2026-04-29 21:44:07 [[32minfo[39m]: GET /api/v1/tours 
2026-04-29 21:44:07 [[32minfo[39m]: GET /api/v1/fellows 
2026-04-29 21:44:07 [[32minfo[39m]: GET /api/v1/places 
2026-04-29 21:44:07 [[32minfo[39m]: GET /api/v1/blogs 
2026-04-29 21:44:07 [[32minfo[39m]: GET /api/v1/experiences 
2026-04-29 21:44:07 [[32minfo[39m]: GET /api/v1/trips 
2026-04-29 21:44:07 [[32minfo[39m]: GET /api/v1/chat/conversations 
2026-04-29 21:44:17 [[32minfo[39m]: GET /api/v1/tours 
2026-04-29 21:44:17 [[32minfo[39m]: GET /api/v1/fellows 
2026-04-29 21:44:17 [[32minfo[39m]: GET /api/v1/places 
2026-04-29 21:44:17 [[32minfo[39m]: GET /api/v1/blogs 
2026-04-29 21:44:17 [[32minfo[39m]: GET /api/v1/experiences 
2026-04-29 21:44:17 [[32minfo[39m]: GET /api/v1/trips 
2026-04-29 21:44:17 [[32minfo[39m]: GET /api/v1/chat/conversations 
2026-04-29 21:44:29 [[32minfo[39m]: GET /api/v1/chat/conversations/69f2075811ecc7f6308b70a7/messages 
2026-04-29 21:44:30 [[32minfo[39m]: GET /api/v1/chat/conversations 
2026-04-29 21:44:51 [[32minfo[39m]: POST /api/v1/auth/login 
2026-04-29 21:44:51 [[32minfo[39m]: GET /api/v1/tours 
2026-04-29 21:44:51 [[32minfo[39m]: GET /api/v1/fellows 
2026-04-29 21:44:51 [[32minfo[39m]: GET /api/v1/places 
2026-04-29 21:44:51 [[32minfo[39m]: GET /api/v1/blogs 
2026-04-29 21:44:51 [[32minfo[39m]: GET /api/v1/experiences 
2026-04-29 21:44:51 [[32minfo[39m]: GET /api/v1/trips 
2026-04-29 21:44:51 [[32minfo[39m]: GET /api/v1/chat/conversations 
2026-04-29 21:45:28 [[32minfo[39m]: POST /api/v1/auth/login 
2026-04-29 21:45:28 [[32minfo[39m]: GET /api/v1/tours 
2026-04-29 21:45:28 [[32minfo[39m]: GET /api/v1/fellows 
2026-04-29 21:45:28 [[32minfo[39m]: GET /api/v1/places 
2026-04-29 21:45:28 [[32minfo[39m]: GET /api/v1/blogs 
2026-04-29 21:45:28 [[32minfo[39m]: GET /api/v1/experiences 
2026-04-29 21:45:28 [[32minfo[39m]: GET /api/v1/trips 
2026-04-29 21:45:28 [[32minfo[39m]: GET /api/v1/chat/conversations 
2026-04-29 21:45:54 [[32minfo[39m]: GET /api/v1/tours 
2026-04-29 21:45:54 [[32minfo[39m]: GET /api/v1/fellows 
2026-04-29 21:45:54 [[32minfo[39m]: GET /api/v1/places 
2026-04-29 21:45:54 [[32minfo[39m]: GET /api/v1/blogs 
2026-04-29 21:45:54 [[32minfo[39m]: GET /api/v1/experiences 
2026-04-29 21:45:54 [[32minfo[39m]: GET /api/v1/trips 
2026-04-29 21:45:54 [[32minfo[39m]: GET /api/v1/chat/conversations 
2026-04-29 21:49:08 [[32minfo[39m]: GET /api/v1/tours 
2026-04-29 21:49:08 [[32minfo[39m]: GET /api/v1/fellows 
2026-04-29 21:49:08 [[32minfo[39m]: GET /api/v1/places 
2026-04-29 21:49:08 [[32minfo[39m]: GET /api/v1/blogs 
2026-04-29 21:49:08 [[32minfo[39m]: GET /api/v1/experiences 
2026-04-29 21:49:08 [[32minfo[39m]: GET /api/v1/trips 
2026-04-29 21:49:08 [[32minfo[39m]: GET /api/v1/chat/conversations 
2026-04-29 21:49:12 [[32minfo[39m]: GET /api/v1/tours 
2026-04-29 21:49:12 [[32minfo[39m]: GET /api/v1/fellows 
2026-04-29 21:49:12 [[32minfo[39m]: GET /api/v1/places 
2026-04-29 21:49:12 [[32minfo[39m]: GET /api/v1/blogs 
2026-04-29 21:49:12 [[32minfo[39m]: GET /api/v1/experiences 
2026-04-29 21:49:12 [[32minfo[39m]: GET /api/v1/trips 
2026-04-29 21:49:12 [[32minfo[39m]: GET /api/v1/chat/conversations 
2026-04-29 21:49:30 [[32minfo[39m]: POST /api/v1/auth/login 
2026-04-29 21:49:30 [[32minfo[39m]: GET /api/v1/tours 
2026-04-29 21:49:30 [[32minfo[39m]: GET /api/v1/fellows 
2026-04-29 21:49:30 [[32minfo[39m]: GET /api/v1/places 
2026-04-29 21:49:30 [[32minfo[39m]: GET /api/v1/blogs 
2026-04-29 21:49:30 [[32minfo[39m]: GET /api/v1/experiences 
2026-04-29 21:49:30 [[32minfo[39m]: GET /api/v1/trips 
2026-04-29 21:49:30 [[32minfo[39m]: GET /api/v1/chat/conversations 
2026-04-29 21:50:05 [[32minfo[39m]: POST /api/v1/auth/login 
2026-04-29 21:50:05 [[32minfo[39m]: GET /api/v1/tours 
2026-04-29 21:50:05 [[32minfo[39m]: GET /api/v1/fellows 
2026-04-29 21:50:05 [[32minfo[39m]: GET /api/v1/places 
2026-04-29 21:50:05 [[32minfo[39m]: GET /api/v1/blogs 
2026-04-29 21:50:05 [[32minfo[39m]: GET /api/v1/experiences 
2026-04-29 21:50:05 [[32minfo[39m]: GET /api/v1/trips 
2026-04-29 21:50:05 [[32minfo[39m]: GET /api/v1/chat/conversations 
2026-04-29 21:50:09 [[32minfo[39m]: GET /api/v1/chat/conversations/69f2075811ecc7f6308b70a7/messages 
2026-04-29 21:50:10 [[32minfo[39m]: GET /api/v1/chat/conversations 
2026-04-29 21:50:11 [[32minfo[39m]: GET /api/v1/chat/conversations/69f2075811ecc7f6308b70a7/messages 
2026-04-29 21:50:12 [[32minfo[39m]: GET /api/v1/chat/conversations 
2026-04-29 21:50:13 [[32minfo[39m]: GET /api/v1/chat/users?q= 
2026-04-29 21:50:15 [[32minfo[39m]: GET /api/v1/chat/users?q= 
2026-04-29 21:50:32 [[32minfo[39m]: GET /api/v1/chat/conversations/69f2075811ecc7f6308b70a7/messages 
2026-04-29 21:50:32 [[32minfo[39m]: GET /api/v1/chat/conversations 
2026-04-29 21:50:33 [[32minfo[39m]: GET /api/v1/chat/users?q= 
2026-04-29 22:03:07 [[32minfo[39m]: GET /api/v1/tours 
2026-04-29 22:03:07 [[32minfo[39m]: GET /api/v1/fellows 
2026-04-29 22:03:07 [[32minfo[39m]: GET /api/v1/places 
2026-04-29 22:03:07 [[32minfo[39m]: GET /api/v1/blogs 
2026-04-29 22:03:07 [[32minfo[39m]: GET /api/v1/experiences 
2026-04-29 22:03:07 [[32minfo[39m]: GET /api/v1/trips 
2026-04-29 22:03:07 [[32minfo[39m]: GET /api/v1/chat/conversations 
2026-04-29 22:08:39 [[32minfo[39m]: GET /api/v1/tours 
2026-04-29 22:08:39 [[32minfo[39m]: GET /api/v1/fellows 
2026-04-29 22:08:39 [[32minfo[39m]: GET /api/v1/places 
2026-04-29 22:08:39 [[32minfo[39m]: GET /api/v1/blogs 
2026-04-29 22:08:39 [[32minfo[39m]: GET /api/v1/experiences 
2026-04-29 22:08:39 [[32minfo[39m]: GET /api/v1/trips 
2026-04-29 22:08:39 [[32minfo[39m]: GET /api/v1/chat/conversations 
2026-04-29 22:08:39 [[32minfo[39m]: GET /api/v1/trips 
2026-04-29 22:08:49 [[32minfo[39m]: GET /api/v1/tours 
2026-04-29 22:08:49 [[32minfo[39m]: GET /api/v1/fellows 
2026-04-29 22:08:49 [[32minfo[39m]: GET /api/v1/places 
2026-04-29 22:08:49 [[32minfo[39m]: GET /api/v1/blogs 
2026-04-29 22:08:49 [[32minfo[39m]: GET /api/v1/experiences 
2026-04-29 22:08:49 [[32minfo[39m]: GET /api/v1/trips 
2026-04-29 22:08:49 [[32minfo[39m]: GET /api/v1/chat/conversations 
2026-04-29 22:08:49 [[32minfo[39m]: GET /api/v1/trips 
2026-04-29 22:10:28 [[32minfo[39m]: GET /api/v1/tours 
2026-04-29 22:10:28 [[32minfo[39m]: GET /api/v1/fellows 
2026-04-29 22:10:28 [[32minfo[39m]: GET /api/v1/places 
2026-04-29 22:10:28 [[32minfo[39m]: GET /api/v1/blogs 
2026-04-29 22:10:28 [[32minfo[39m]: GET /api/v1/experiences 
2026-04-29 22:10:28 [[32minfo[39m]: GET /api/v1/trips 
2026-04-29 22:10:28 [[32minfo[39m]: GET /api/v1/chat/conversations 
2026-04-29 22:10:28 [[32minfo[39m]: GET /api/v1/trips 
2026-04-29 22:11:47 [[32minfo[39m]: GET /api/v1/tours 
2026-04-29 22:11:47 [[32minfo[39m]: GET /api/v1/fellows 
2026-04-29 22:11:47 [[32minfo[39m]: GET /api/v1/places 
2026-04-29 22:11:47 [[32minfo[39m]: GET /api/v1/blogs 
2026-04-29 22:11:47 [[32minfo[39m]: GET /api/v1/experiences 
2026-04-29 22:11:47 [[32minfo[39m]: GET /api/v1/trips 
2026-04-29 22:11:47 [[32minfo[39m]: GET /api/v1/chat/conversations 
2026-04-29 22:11:47 [[32minfo[39m]: GET /api/v1/trips 
2026-04-29 22:30:41 [[32minfo[39m]: POST /api/v1/auth/login 
2026-04-29 22:30:42 [[32minfo[39m]: GET /api/v1/tours 
2026-04-29 22:30:42 [[32minfo[39m]: GET /api/v1/fellows 
2026-04-29 22:30:42 [[32minfo[39m]: GET /api/v1/places 
2026-04-29 22:30:42 [[32minfo[39m]: GET /api/v1/blogs 
2026-04-29 22:30:42 [[32minfo[39m]: GET /api/v1/experiences 
2026-04-29 22:30:42 [[32minfo[39m]: GET /api/v1/trips 
2026-04-29 22:30:42 [[32minfo[39m]: GET /api/v1/chat/conversations 
2026-04-29 22:30:42 [[32minfo[39m]: GET /api/v1/users/profile 
2026-04-29 22:30:43 [[32minfo[39m]: GET /api/v1/trips 
2026-04-29 22:30:52 [[32minfo[39m]: GET /api/v1/users/profile 
2026-04-29 22:33:23 [[32minfo[39m]: GET /api/v1/tours 
2026-04-29 22:33:23 [[32minfo[39m]: GET /api/v1/fellows 
2026-04-29 22:33:23 [[32minfo[39m]: GET /api/v1/places 
2026-04-29 22:33:23 [[32minfo[39m]: GET /api/v1/blogs 
2026-04-29 22:33:23 [[32minfo[39m]: GET /api/v1/experiences 
2026-04-29 22:33:23 [[32minfo[39m]: GET /api/v1/trips 
2026-04-29 22:33:23 [[32minfo[39m]: GET /api/v1/chat/conversations 
2026-04-29 22:33:23 [[32minfo[39m]: GET /api/v1/users/profile 
2026-04-29 22:33:23 [[32minfo[39m]: GET /api/v1/trips 
2026-04-29 22:33:27 [[32minfo[39m]: GET /api/v1/users/profile 
2026-04-29 22:35:22 [[32minfo[39m]: GET /api/v1/tours 
2026-04-29 22:35:22 [[32minfo[39m]: GET /api/v1/fellows 
2026-04-29 22:35:22 [[32minfo[39m]: GET /api/v1/places 
2026-04-29 22:35:22 [[32minfo[39m]: GET /api/v1/blogs 
2026-04-29 22:35:22 [[32minfo[39m]: GET /api/v1/experiences 
2026-04-29 22:35:22 [[32minfo[39m]: GET /api/v1/trips 
2026-04-29 22:35:22 [[32minfo[39m]: GET /api/v1/chat/conversations 
2026-04-29 22:35:22 [[32minfo[39m]: GET /api/v1/users/profile 
2026-04-29 22:35:22 [[32minfo[39m]: GET /api/v1/trips 
2026-04-29 22:35:25 [[32minfo[39m]: GET /api/v1/users/profile 
2026-04-29 22:35:41 [[32minfo[39m]: POST /api/v1/auth/login 
2026-04-29 22:35:51 [[32minfo[39m]: POST /api/v1/auth/login 
2026-04-29 22:35:51 [[32minfo[39m]: GET /api/v1/tours 
2026-04-29 22:35:51 [[32minfo[39m]: GET /api/v1/fellows 
2026-04-29 22:35:51 [[32minfo[39m]: GET /api/v1/places 
2026-04-29 22:35:51 [[32minfo[39m]: GET /api/v1/blogs 
2026-04-29 22:35:51 [[32minfo[39m]: GET /api/v1/experiences 
2026-04-29 22:35:51 [[32minfo[39m]: GET /api/v1/trips 
2026-04-29 22:35:51 [[32minfo[39m]: GET /api/v1/chat/conversations 
2026-04-29 22:35:51 [[32minfo[39m]: GET /api/v1/users/profile 
2026-04-29 22:35:51 [[32minfo[39m]: GET /api/v1/trips 
2026-04-29 22:38:01 [[32minfo[39m]: GET /api/v1/tours 
2026-04-29 22:38:01 [[32minfo[39m]: GET /api/v1/fellows 
2026-04-29 22:38:01 [[32minfo[39m]: GET /api/v1/places 
2026-04-29 22:38:01 [[32minfo[39m]: GET /api/v1/blogs 
2026-04-29 22:38:01 [[32minfo[39m]: GET /api/v1/experiences 
2026-04-29 22:38:01 [[32minfo[39m]: GET /api/v1/trips 
2026-04-29 22:38:01 [[32minfo[39m]: GET /api/v1/chat/conversations 
2026-04-29 22:38:01 [[32minfo[39m]: GET /api/v1/users/profile 
2026-04-29 22:38:01 [[32minfo[39m]: GET /api/v1/trips 
2026-04-29 22:38:07 [[32minfo[39m]: GET /api/v1/users/profile 
2026-04-29 22:42:54 [[32minfo[39m]: GET /api/v1/tours 
2026-04-29 22:42:54 [[32minfo[39m]: GET /api/v1/fellows 
2026-04-29 22:42:54 [[32minfo[39m]: GET /api/v1/places 
2026-04-29 22:42:54 [[32minfo[39m]: GET /api/v1/blogs 
2026-04-29 22:42:54 [[32minfo[39m]: GET /api/v1/experiences 
2026-04-29 22:42:54 [[32minfo[39m]: GET /api/v1/trips 
2026-04-29 22:42:54 [[32minfo[39m]: GET /api/v1/chat/conversations 
2026-04-29 22:42:54 [[32minfo[39m]: GET /api/v1/users/profile 
2026-04-29 22:42:54 [[32minfo[39m]: GET /api/v1/trips 
2026-04-29 22:42:58 [[32minfo[39m]: GET /api/v1/photos 
2026-04-29 22:44:19 [[32minfo[39m]: GET /api/v1/tours 
2026-04-29 22:44:19 [[32minfo[39m]: GET /api/v1/fellows 
2026-04-29 22:44:19 [[32minfo[39m]: GET /api/v1/places 
2026-04-29 22:44:19 [[32minfo[39m]: GET /api/v1/blogs 
2026-04-29 22:44:19 [[32minfo[39m]: GET /api/v1/experiences 
2026-04-29 22:44:19 [[32minfo[39m]: GET /api/v1/trips 
2026-04-29 22:44:19 [[32minfo[39m]: GET /api/v1/chat/conversations 
2026-04-29 22:44:19 [[32minfo[39m]: GET /api/v1/users/profile 
2026-04-29 22:44:19 [[32minfo[39m]: GET /api/v1/trips 
2026-04-29 22:44:22 [[32minfo[39m]: GET /api/v1/photos 
2026-04-29 22:44:29 [[32minfo[39m]: GET /api/v1/photos 
2026-04-29 22:44:43 [[32minfo[39m]: GET /api/v1/photos 
2026-04-29 22:44:47 [[32minfo[39m]: GET /api/v1/photos 
2026-04-29 22:45:43 [[32minfo[39m]: GET /api/v1/tours 
2026-04-29 22:45:43 [[32minfo[39m]: GET /api/v1/fellows 
2026-04-29 22:45:43 [[32minfo[39m]: GET /api/v1/places 
2026-04-29 22:45:43 [[32minfo[39m]: GET /api/v1/blogs 
2026-04-29 22:45:43 [[32minfo[39m]: GET /api/v1/experiences 
2026-04-29 22:45:43 [[32minfo[39m]: GET /api/v1/trips 
2026-04-29 22:45:43 [[32minfo[39m]: GET /api/v1/chat/conversations 
2026-04-29 22:45:44 [[32minfo[39m]: GET /api/v1/users/profile 
2026-04-29 22:45:44 [[32minfo[39m]: GET /api/v1/trips 
2026-04-29 22:46:07 [[32minfo[39m]: GET /api/v1/tours 
2026-04-29 22:46:07 [[32minfo[39m]: GET /api/v1/fellows 
2026-04-29 22:46:07 [[32minfo[39m]: GET /api/v1/places 
2026-04-29 22:46:07 [[32minfo[39m]: GET /api/v1/blogs 
2026-04-29 22:46:07 [[32minfo[39m]: GET /api/v1/experiences 
2026-04-29 22:46:07 [[32minfo[39m]: GET /api/v1/trips 
2026-04-29 22:46:07 [[32minfo[39m]: GET /api/v1/chat/conversations 
2026-04-29 22:46:07 [[32minfo[39m]: GET /api/v1/users/profile 
2026-04-29 22:46:07 [[32minfo[39m]: GET /api/v1/trips 
2026-04-29 22:46:10 [[32minfo[39m]: GET /api/v1/photos 
2026-04-29 22:46:13 [[32minfo[39m]: GET /api/v1/photos 
2026-04-29 22:46:26 [[32minfo[39m]: GET /api/v1/users/profile 
2026-04-29 22:46:56 [[32minfo[39m]: GET /api/v1/users/profile 
2026-04-29 22:47:21 [[32minfo[39m]: POST /api/v1/auth/login 
2026-04-29 22:47:22 [[32minfo[39m]: GET /api/v1/tours 
2026-04-29 22:47:22 [[32minfo[39m]: GET /api/v1/fellows 
2026-04-29 22:47:22 [[32minfo[39m]: GET /api/v1/places 
2026-04-29 22:47:22 [[32minfo[39m]: GET /api/v1/blogs 
2026-04-29 22:47:22 [[32minfo[39m]: GET /api/v1/experiences 
2026-04-29 22:47:22 [[32minfo[39m]: GET /api/v1/trips 
2026-04-29 22:47:22 [[32minfo[39m]: GET /api/v1/chat/conversations 
2026-04-29 22:47:22 [[32minfo[39m]: GET /api/v1/users/profile 
2026-04-29 22:47:22 [[32minfo[39m]: GET /api/v1/trips 
2026-04-29 22:47:50 [[32minfo[39m]: GET /api/v1/chat/conversations/69f2075811ecc7f6308b70a7/messages 
2026-04-29 22:48:00 [[32minfo[39m]: GET /api/v1/chat/conversations 
2026-04-29 22:48:08 [[32minfo[39m]: GET /api/v1/chat/users?q= 
2026-04-29 22:48:19 [[32minfo[39m]: GET /api/v1/chat/users?q= 
2026-04-29 22:49:18 [[32minfo[39m]: GET /api/v1/photos 
2026-04-29 22:49:22 [[32minfo[39m]: GET /api/v1/users/profile 
2026-04-29 22:51:08 [[32minfo[39m]: GET /api/v1/tours 
2026-04-29 22:51:08 [[32minfo[39m]: GET /api/v1/fellows 
2026-04-29 22:51:08 [[32minfo[39m]: GET /api/v1/places 
2026-04-29 22:51:08 [[32minfo[39m]: GET /api/v1/blogs 
2026-04-29 22:51:08 [[32minfo[39m]: GET /api/v1/experiences 
2026-04-29 22:51:08 [[32minfo[39m]: GET /api/v1/trips 
2026-04-29 22:51:08 [[32minfo[39m]: GET /api/v1/chat/conversations 
2026-04-29 22:51:08 [[32minfo[39m]: GET /api/v1/users/profile 
2026-04-29 22:51:08 [[32minfo[39m]: GET /api/v1/trips 
2026-04-29 22:51:15 [[32minfo[39m]: GET /api/v1/users/profile 
2026-04-29 22:51:16 [[32minfo[39m]: GET /api/v1/users/profile 
2026-04-29 22:51:23 [[32minfo[39m]: PUT /api/v1/users/profile 
2026-04-29 22:51:52 [[32minfo[39m]: GET /api/v1/tours 
2026-04-29 22:51:52 [[32minfo[39m]: GET /api/v1/fellows 
2026-04-29 22:51:52 [[32minfo[39m]: GET /api/v1/places 
2026-04-29 22:51:52 [[32minfo[39m]: GET /api/v1/blogs 
2026-04-29 22:51:52 [[32minfo[39m]: GET /api/v1/experiences 
2026-04-29 22:51:52 [[32minfo[39m]: GET /api/v1/trips 
2026-04-29 22:51:52 [[32minfo[39m]: GET /api/v1/chat/conversations 
2026-04-29 22:51:52 [[32minfo[39m]: GET /api/v1/users/profile 
2026-04-29 22:51:52 [[32minfo[39m]: GET /api/v1/trips 
2026-04-29 22:52:32 [[32minfo[39m]: GET /api/v1/users/profile 
2026-04-29 22:52:35 [[32minfo[39m]: GET /api/v1/users/profile 
2026-04-29 22:52:37 [[32minfo[39m]: PUT /api/v1/users/profile 
2026-04-29 22:54:33 [[32minfo[39m]: GET /api/v1/tours 
2026-04-29 22:54:33 [[32minfo[39m]: GET /api/v1/fellows 
2026-04-29 22:54:33 [[32minfo[39m]: GET /api/v1/places 
2026-04-29 22:54:33 [[32minfo[39m]: GET /api/v1/blogs 
2026-04-29 22:54:33 [[32minfo[39m]: GET /api/v1/experiences 
2026-04-29 22:54:33 [[32minfo[39m]: GET /api/v1/trips 
2026-04-29 22:54:33 [[32minfo[39m]: GET /api/v1/chat/conversations 
2026-04-29 22:54:33 [[32minfo[39m]: GET /api/v1/users/profile 
2026-04-29 22:54:33 [[32minfo[39m]: GET /api/v1/trips 
2026-04-29 22:54:37 [[32minfo[39m]: GET /api/v1/users/profile 
2026-04-29 22:54:38 [[32minfo[39m]: GET /api/v1/users/profile 
2026-04-29 22:54:40 [[32minfo[39m]: PUT /api/v1/users/profile 
2026-04-29 22:54:44 [[32minfo[39m]: PUT /api/v1/users/profile 
2026-04-29 22:54:45 [[32minfo[39m]: PUT /api/v1/users/profile 
2026-04-29 22:54:45 [[32minfo[39m]: PUT /api/v1/users/profile 
2026-04-29 22:54:45 [[32minfo[39m]: PUT /api/v1/users/profile 
2026-04-29 22:54:45 [[32minfo[39m]: PUT /api/v1/users/profile 
2026-04-29 22:58:14 [[32minfo[39m]: GET /api/v1/tours 
2026-04-29 22:58:14 [[32minfo[39m]: GET /api/v1/fellows 
2026-04-29 22:58:14 [[32minfo[39m]: GET /api/v1/places 
2026-04-29 22:58:14 [[32minfo[39m]: GET /api/v1/blogs 
2026-04-29 22:58:14 [[32minfo[39m]: GET /api/v1/experiences 
2026-04-29 22:58:14 [[32minfo[39m]: GET /api/v1/trips 
2026-04-29 22:58:14 [[32minfo[39m]: GET /api/v1/chat/conversations 
2026-04-29 22:58:14 [[32minfo[39m]: GET /api/v1/users/profile 
2026-04-29 22:58:14 [[32minfo[39m]: GET /api/v1/trips 
2026-04-29 22:58:17 [[32minfo[39m]: GET /api/v1/users/profile 
2026-04-29 22:58:18 [[32minfo[39m]: GET /api/v1/users/profile 
2026-04-29 22:58:20 [[32minfo[39m]: PUT /api/v1/users/profile 
2026-04-29 22:58:38 [[32minfo[39m]: PUT /api/v1/users/profile 
2026-04-29 22:58:58 [[32minfo[39m]: GET /api/v1/tours 
2026-04-29 22:58:58 [[32minfo[39m]: GET /api/v1/fellows 
2026-04-29 22:58:58 [[32minfo[39m]: GET /api/v1/places 
2026-04-29 22:58:58 [[32minfo[39m]: GET /api/v1/blogs 
2026-04-29 22:58:58 [[32minfo[39m]: GET /api/v1/experiences 
2026-04-29 22:58:58 [[32minfo[39m]: GET /api/v1/trips 
2026-04-29 22:58:58 [[32minfo[39m]: GET /api/v1/chat/conversations 
2026-04-29 22:58:58 [[32minfo[39m]: GET /api/v1/users/profile 
2026-04-29 22:58:59 [[32minfo[39m]: GET /api/v1/trips 
2026-04-29 22:59:02 [[32minfo[39m]: GET /api/v1/users/profile 
2026-04-29 22:59:03 [[32minfo[39m]: GET /api/v1/users/profile 
2026-04-29 22:59:05 [[32minfo[39m]: PUT /api/v1/users/profile 
2026-04-29 22:59:39 [[32minfo[39m]: GET /api/v1/tours 
2026-04-29 22:59:39 [[32minfo[39m]: GET /api/v1/fellows 
2026-04-29 22:59:39 [[32minfo[39m]: GET /api/v1/places 
2026-04-29 22:59:39 [[32minfo[39m]: GET /api/v1/blogs 
2026-04-29 22:59:39 [[32minfo[39m]: GET /api/v1/experiences 
2026-04-29 22:59:39 [[32minfo[39m]: GET /api/v1/trips 
2026-04-29 22:59:39 [[32minfo[39m]: GET /api/v1/chat/conversations 
2026-04-29 22:59:39 [[32minfo[39m]: GET /api/v1/users/profile 
2026-04-29 22:59:40 [[32minfo[39m]: GET /api/v1/trips 
2026-04-29 22:59:42 [[32minfo[39m]: GET /api/v1/users/profile 
2026-04-29 22:59:43 [[32minfo[39m]: GET /api/v1/users/profile 
2026-04-29 22:59:44 [[32minfo[39m]: PUT /api/v1/users/profile 
2026-04-29 23:00:21 [[32minfo[39m]: GET /api/v1/tours 
2026-04-29 23:00:21 [[32minfo[39m]: GET /api/v1/fellows 
2026-04-29 23:00:21 [[32minfo[39m]: GET /api/v1/places 
2026-04-29 23:00:21 [[32minfo[39m]: GET /api/v1/blogs 
2026-04-29 23:00:21 [[32minfo[39m]: GET /api/v1/experiences 
2026-04-29 23:00:21 [[32minfo[39m]: GET /api/v1/trips 
2026-04-29 23:00:22 [[32minfo[39m]: GET /api/v1/chat/conversations 
2026-04-29 23:00:22 [[32minfo[39m]: GET /api/v1/users/profile 
2026-04-29 23:00:22 [[32minfo[39m]: GET /api/v1/trips 
2026-04-29 23:00:24 [[32minfo[39m]: GET /api/v1/users/profile 
2026-04-29 23:00:25 [[32minfo[39m]: GET /api/v1/users/profile 
2026-04-29 23:00:27 [[32minfo[39m]: PUT /api/v1/users/profile 
2026-04-29 23:00:28 [[32minfo[39m]: GET /api/v1/users/profile 
2026-04-29 23:00:32 [[32minfo[39m]: PUT /api/v1/users/profile 
2026-04-29 23:03:31 [[32minfo[39m]: GET /api/v1/tours 
2026-04-29 23:03:31 [[32minfo[39m]: GET /api/v1/fellows 
2026-04-29 23:03:31 [[32minfo[39m]: GET /api/v1/places 
2026-04-29 23:03:31 [[32minfo[39m]: GET /api/v1/blogs 
2026-04-29 23:03:31 [[32minfo[39m]: GET /api/v1/experiences 
2026-04-29 23:03:31 [[32minfo[39m]: GET /api/v1/trips 
2026-04-29 23:03:31 [[32minfo[39m]: GET /api/v1/chat/conversations 
2026-04-29 23:03:31 [[32minfo[39m]: GET /api/v1/users/profile 
2026-04-29 23:03:31 [[32minfo[39m]: GET /api/v1/trips 
2026-04-29 23:03:34 [[32minfo[39m]: GET /api/v1/users/profile 
2026-04-29 23:03:37 [[32minfo[39m]: GET /api/v1/users/profile 
2026-04-29 23:03:40 [[32minfo[39m]: PUT /api/v1/users/profile 
2026-04-29 23:03:54 [[32minfo[39m]: POST /api/v1/auth/login 
2026-04-29 23:03:55 [[32minfo[39m]: GET /api/v1/tours 
2026-04-29 23:03:55 [[32minfo[39m]: GET /api/v1/fellows 
2026-04-29 23:03:55 [[32minfo[39m]: GET /api/v1/places 
2026-04-29 23:03:55 [[32minfo[39m]: GET /api/v1/blogs 
2026-04-29 23:03:55 [[32minfo[39m]: GET /api/v1/experiences 
2026-04-29 23:03:55 [[32minfo[39m]: GET /api/v1/trips 
2026-04-29 23:03:55 [[32minfo[39m]: GET /api/v1/chat/conversations 
2026-04-29 23:03:55 [[32minfo[39m]: GET /api/v1/users/profile 
2026-04-29 23:03:55 [[32minfo[39m]: GET /api/v1/trips 
2026-04-29 23:03:57 [[32minfo[39m]: GET /api/v1/users/profile 
2026-04-29 23:03:58 [[32minfo[39m]: GET /api/v1/users/profile 
2026-04-29 23:04:01 [[32minfo[39m]: PUT /api/v1/users/profile 
2026-04-29 23:04:18 [[32minfo[39m]: GET /api/v1/tours 
2026-04-29 23:04:18 [[32minfo[39m]: GET /api/v1/fellows 
2026-04-29 23:04:18 [[32minfo[39m]: GET /api/v1/places 
2026-04-29 23:04:18 [[32minfo[39m]: GET /api/v1/blogs 
2026-04-29 23:04:18 [[32minfo[39m]: GET /api/v1/experiences 
2026-04-29 23:04:18 [[32minfo[39m]: GET /api/v1/trips 
2026-04-29 23:04:18 [[32minfo[39m]: GET /api/v1/chat/conversations 
2026-04-29 23:04:18 [[32minfo[39m]: GET /api/v1/users/profile 
2026-04-29 23:04:18 [[32minfo[39m]: GET /api/v1/trips 
2026-04-29 23:04:20 [[32minfo[39m]: GET /api/v1/users/profile 
2026-04-29 23:04:22 [[32minfo[39m]: GET /api/v1/users/profile 
2026-04-29 23:04:24 [[32minfo[39m]: PUT /api/v1/users/profile 
2026-04-29 23:05:01 [[32minfo[39m]: GET /api/v1/tours 
2026-04-29 23:05:01 [[32minfo[39m]: GET /api/v1/fellows 
2026-04-29 23:05:01 [[32minfo[39m]: GET /api/v1/places 
2026-04-29 23:05:01 [[32minfo[39m]: GET /api/v1/blogs 
2026-04-29 23:05:01 [[32minfo[39m]: GET /api/v1/experiences 
2026-04-29 23:05:01 [[32minfo[39m]: GET /api/v1/trips 
2026-04-29 23:05:01 [[32minfo[39m]: GET /api/v1/chat/conversations 
2026-04-29 23:05:01 [[32minfo[39m]: GET /api/v1/users/profile 
2026-04-29 23:05:01 [[32minfo[39m]: GET /api/v1/trips 
2026-04-29 23:05:05 [[32minfo[39m]: GET /api/v1/users/profile 
2026-04-29 23:05:06 [[32minfo[39m]: GET /api/v1/users/profile 
2026-04-29 23:05:08 [[32minfo[39m]: PUT /api/v1/users/profile 
2026-04-29 23:05:16 [[32minfo[39m]: GET /api/v1/tours 
2026-04-29 23:05:16 [[32minfo[39m]: GET /api/v1/fellows 
2026-04-29 23:05:16 [[32minfo[39m]: GET /api/v1/places 
2026-04-29 23:05:16 [[32minfo[39m]: GET /api/v1/blogs 
2026-04-29 23:05:16 [[32minfo[39m]: GET /api/v1/experiences 
2026-04-29 23:05:16 [[32minfo[39m]: GET /api/v1/trips 
2026-04-29 23:05:16 [[32minfo[39m]: GET /api/v1/chat/conversations 
2026-04-29 23:05:16 [[32minfo[39m]: GET /api/v1/users/profile 
2026-04-29 23:05:16 [[32minfo[39m]: GET /api/v1/trips 
2026-04-29 23:05:19 [[32minfo[39m]: GET /api/v1/users/profile 
2026-04-29 23:05:20 [[32minfo[39m]: GET /api/v1/users/profile 
2026-04-29 23:05:22 [[32minfo[39m]: PUT /api/v1/users/profile 
2026-04-29 23:07:49 [[32minfo[39m]: GET /api/v1/tours 
2026-04-29 23:07:49 [[32minfo[39m]: GET /api/v1/fellows 
2026-04-29 23:07:49 [[32minfo[39m]: GET /api/v1/places 
2026-04-29 23:07:49 [[32minfo[39m]: GET /api/v1/blogs 
2026-04-29 23:07:49 [[32minfo[39m]: GET /api/v1/experiences 
2026-04-29 23:07:49 [[32minfo[39m]: GET /api/v1/trips 
2026-04-29 23:07:49 [[32minfo[39m]: GET /api/v1/chat/conversations 
2026-04-29 23:07:49 [[32minfo[39m]: GET /api/v1/users/profile 
2026-04-29 23:07:49 [[32minfo[39m]: GET /api/v1/trips 
2026-04-29 23:07:51 [[32minfo[39m]: GET /api/v1/users/profile 
2026-04-29 23:07:52 [[32minfo[39m]: GET /api/v1/users/profile 
2026-04-29 23:07:54 [[32minfo[39m]: PUT /api/v1/users/profile 
2026-04-29 23:07:55 [[32minfo[39m]: GET /api/v1/users/profile 
2026-04-29 23:07:55 [[32minfo[39m]: GET /api/v1/trips 
2026-04-29 23:07:59 [[32minfo[39m]: GET /api/v1/users/profile 
2026-04-29 23:09:09 [[32minfo[39m]: GET /api/v1/photos 
2026-04-29 23:09:19 [[32minfo[39m]: GET /api/v1/users/profile 
2026-04-29 23:09:21 [[32minfo[39m]: GET /api/v1/users/profile 
2026-04-29 23:09:32 [[32minfo[39m]: POST /api/v1/auth/login 
2026-04-29 23:09:33 [[32minfo[39m]: GET /api/v1/tours 
2026-04-29 23:09:33 [[32minfo[39m]: GET /api/v1/fellows 
2026-04-29 23:09:33 [[32minfo[39m]: GET /api/v1/places 
2026-04-29 23:09:33 [[32minfo[39m]: GET /api/v1/blogs 
2026-04-29 23:09:33 [[32minfo[39m]: GET /api/v1/experiences 
2026-04-29 23:09:33 [[32minfo[39m]: GET /api/v1/trips 
2026-04-29 23:09:33 [[32minfo[39m]: GET /api/v1/chat/conversations 
2026-04-29 23:09:33 [[32minfo[39m]: GET /api/v1/users/profile 
2026-04-29 23:09:33 [[32minfo[39m]: GET /api/v1/trips 
2026-04-29 23:09:36 [[32minfo[39m]: GET /api/v1/users/profile 
2026-04-29 23:09:41 [[32minfo[39m]: GET /api/v1/users/profile 
2026-04-29 23:09:44 [[32minfo[39m]: GET /api/v1/users/profile 
2026-04-29 23:09:45 [[32minfo[39m]: GET /api/v1/users/profile 
2026-04-29 23:09:45 [[32minfo[39m]: GET /api/v1/trips 
2026-04-29 23:11:10 [[32minfo[39m]: GET /api/v1/tours 
2026-04-29 23:11:10 [[32minfo[39m]: GET /api/v1/fellows 
2026-04-29 23:11:10 [[32minfo[39m]: GET /api/v1/places 
2026-04-29 23:11:10 [[32minfo[39m]: GET /api/v1/blogs 
2026-04-29 23:11:10 [[32minfo[39m]: GET /api/v1/experiences 
2026-04-29 23:11:10 [[32minfo[39m]: GET /api/v1/trips 
2026-04-29 23:11:10 [[32minfo[39m]: GET /api/v1/chat/conversations 
2026-04-29 23:11:10 [[32minfo[39m]: GET /api/v1/users/profile 
2026-04-29 23:11:10 [[32minfo[39m]: GET /api/v1/trips 
2026-04-29 23:11:13 [[32minfo[39m]: GET /api/v1/users/profile 
2026-04-29 23:11:17 [[32minfo[39m]: GET /api/v1/users/profile 
2026-04-29 23:11:18 [[32minfo[39m]: GET /api/v1/users/profile 
2026-04-29 23:11:22 [[32minfo[39m]: GET /api/v1/users/profile 
2026-04-29 23:11:23 [[32minfo[39m]: GET /api/v1/users/profile 
2026-04-29 23:11:25 [[32minfo[39m]: PUT /api/v1/users/profile 
2026-04-29 23:11:28 [[32minfo[39m]: GET /api/v1/users/profile 
2026-04-29 23:11:30 [[32minfo[39m]: GET /api/v1/users/profile 
2026-04-29 23:11:32 [[32minfo[39m]: GET /api/v1/users/profile 
2026-04-29 23:11:41 [[32minfo[39m]: GET /api/v1/photos 
2026-04-29 23:11:44 [[32minfo[39m]: GET /api/v1/photos 
2026-04-29 23:11:48 [[32minfo[39m]: GET /api/v1/users/profile 
2026-04-29 23:11:55 [[32minfo[39m]: GET /api/v1/chat/users?q= 
2026-04-29 23:12:09 [[32minfo[39m]: GET /api/v1/users/profile 
2026-04-29 23:12:13 [[32minfo[39m]: GET /api/v1/users/profile 
2026-04-29 23:12:15 [[32minfo[39m]: GET /api/v1/users/profile 
2026-04-29 23:12:20 [[32minfo[39m]: GET /api/v1/users/profile 
2026-04-29 23:13:28 [[32minfo[39m]: GET /api/v1/tours 
2026-04-29 23:13:28 [[32minfo[39m]: GET /api/v1/fellows 
2026-04-29 23:13:28 [[32minfo[39m]: GET /api/v1/places 
2026-04-29 23:13:28 [[32minfo[39m]: GET /api/v1/blogs 
2026-04-29 23:13:28 [[32minfo[39m]: GET /api/v1/experiences 
2026-04-29 23:13:28 [[32minfo[39m]: GET /api/v1/trips 
2026-04-29 23:13:28 [[32minfo[39m]: GET /api/v1/chat/conversations 
2026-04-29 23:13:28 [[32minfo[39m]: GET /api/v1/users/profile 
2026-04-29 23:13:28 [[32minfo[39m]: GET /api/v1/trips 
2026-04-29 23:13:31 [[32minfo[39m]: GET /api/v1/users/profile 
2026-04-29 23:13:32 [[32minfo[39m]: GET /api/v1/users/profile 
2026-04-29 23:13:35 [[32minfo[39m]: PUT /api/v1/users/profile 
2026-04-29 23:13:35 [[32minfo[39m]: GET /api/v1/users/profile 
2026-04-29 23:13:37 [[32minfo[39m]: GET /api/v1/users/profile 
2026-04-29 23:13:38 [[32minfo[39m]: GET /api/v1/users/profile 
2026-04-29 23:13:41 [[32minfo[39m]: PUT /api/v1/users/profile 
2026-04-29 23:13:41 [[32minfo[39m]: GET /api/v1/users/profile 
2026-04-29 23:14:00 [[32minfo[39m]: GET /api/v1/photos 
2026-04-29 23:14:03 [[32minfo[39m]: GET /api/v1/users/profile 
2026-04-29 23:14:06 [[32minfo[39m]: GET /api/v1/users/profile 
2026-04-29 23:15:16 [[32minfo[39m]: GET /api/v1/chat/conversations/69f2075811ecc7f6308b70a7/messages 
2026-04-29 23:15:17 [[32minfo[39m]: GET /api/v1/chat/conversations 
2026-04-29 23:15:18 [[32minfo[39m]: GET /api/v1/chat/conversations/69f2075811ecc7f6308b70a7/messages 
2026-04-29 23:15:19 [[32minfo[39m]: GET /api/v1/chat/conversations 
2026-04-29 23:15:20 [[32minfo[39m]: GET /api/v1/chat/users?q= 
